<?xml version="1.0" encoding="UTF-8"?>
<testsuite xmlns:xsi="http://www.w3.org/2001/XMLSchema-instance" xsi:noNamespaceSchemaLocation="https://maven.apache.org/surefire/maven-surefire-plugin/xsd/surefire-test-report-3.0.xsd" version="3.0" name="CS648A.assignment1.AppTest" time="1.775" tests="1500" errors="0" skipped="0" failures="0">
  <properties>
[...]
</properties>
  <testcase name="TestRandomQuickSort" classname="CS648A.assignment1.AppTest" time="0.076"/>
  <testcase name="TestRandomQuickSort" classname="CS648A.assignment1.AppTest" time="0.003"/>
  <testcase name="TestRandomQuickSort" classname="CS648A.assignment1.AppTest" time="0.002"/>
  <testcase name="TestRandomQuickSort" classname="CS648A.assignment1.AppTest" time="0.002"/>
  <testcase name="TestRandomQuickSort" classname="CS648A.assignment1.AppTest" time="0.003"/>
  <testcase name="TestRandomQuickSort" classname="CS648A.assignment1.AppTest" time="0.002"/>
  <testcase name="TestRandomQuickSort" classname="CS648A.assignment1.AppTest" time="0.002"/>
  <testcase name="TestRandomQuickSort" classname="CS648A.assignment1.AppTest" time="0.002"/>
  <testcase name="TestRandomQuickSort" classname="CS648A.assignment1.AppTest" time="0.003"/>
  <testcase name="TestRandomQuickSort" classname="CS648A.assignment1.AppTest" time="0.002"/>
  <testcase name="TestRandomQuickSort" classname="CS648A.assignment1.AppTest" time="0.001"/>
  <testcase name="TestRandomQuickSort" classname="CS648A.assignment1.AppTest" time="0.001"/>
  <testcase name="TestRandomQuickSort" classname="CS648A.assignment1.AppTest" time="0.002"/>
  <testcase name="TestRandomQuickSort" classname="CS648A.assignment1.AppTest" time="0.001"/>
  <testcase name="TestRandomQuickSort" classname="CS648A.assignment1.AppTest" time="0.002"/>
  <testcase name="TestRandomQuickSort" classname="CS648A.assignment1.AppTest" time="0.003"/>
  <testcase name="TestRandomQuickSort" classname="CS648A.assignment1.AppTest" time="0.001"/>
  <testcase name="TestRandomQuickSort" classname="CS648A.assignment1.AppTest" time="0.001"/>
  <testcase name="TestRandomQuickSort" classname="CS648A.assignment1.AppTest" time="0.001"/>
  <testcase name="TestRandomQuickSort" classname="CS648A.assignment1.AppTest" time="0.001"/>
  <testcase name="TestRandomQuickSort" classname="CS648A.assignment1.AppTest" time="0.001"/>
  <testcase name="TestRandomQuickSort" classname="CS648A.assignment1.AppTest" time="0.001"/>
  <testcase name="TestRandomQuickSort" classname="CS648A.assignment1.AppTest" time="0.001"/>
  <testcase name="TestRandomQuickSort" classname="CS648A.assignment1.AppTest" time="0.001"/>
  <testcase name="TestRandomQuickSort" classname="CS648A.assignment1.AppTest" time="0.001"/>
  <testcase name="TestRandomQuickSort" classname="CS648A.assignment1.AppTest" time="0.002"/>
  <testcase name="TestRandomQuickSort" classname="CS648A.assignment1.AppTest" time="0.001"/>
  <testcase name="TestRandomQuickSort" classname="CS648A.assignment1.AppTest" time="0.001"/>
  <testcase name="TestRandomQuickSort" classname="CS648A.assignment1.AppTest" time="0.001"/>
  <testcase name="TestRandomQuickSort" classname="CS648A.assignment1.AppTest" time="0.001"/>
  <testcase name="TestRandomQuickSort" classname="CS648A.assignment1.AppTest" time="0.001"/>
  <testcase name="TestRandomQuickSort" classname="CS648A.assignment1.AppTest" time="0.001"/>
  <testcase name="TestRandomQuickSort" classname="CS648A.assignment1.AppTest" time="0.001"/>
  <testcase name="TestRandomQuickSort" classname="CS648A.assignment1.AppTest" time="0.001"/>
  <testcase name="TestRandomQuickSort" classname="CS648A.assignment1.AppTest" time="0.001"/>
  <testcase name="TestRandomQuickSort" classname="CS648A.assignment1.AppTest" time="0.001"/>
  <testcase name="TestRandomQuickSort" classname="CS648A.assignment1.AppTest" time="0.001"/>
  <testcase name="TestRandomQuickSort" classname="CS648A.assignment1.AppTest" time="0.001"/>
  <testcase name="TestRandomQuickSort" classname="CS648A.assignment1.AppTest" time="0.001"/>
  <testcase name="TestRandomQuickSort" classname="CS648A.assignment1.AppTest" time="0.001"/>
  <testcase name="TestRandomQuickSort" classname="CS648A.assignment1.AppTest" time="0.001"/>
  <testcase name="TestRandomQuickSort" classname="CS648A.assignment1.AppTest" time="0.001"/>
  <testcase name="TestRandomQuickSort" classname="CS648A.assignment1.AppTest" time="0.001"/>
  <testcase name="TestRandomQuickSort" classname="CS648A.assignment1.AppTest" time="0.002"/>
  <testcase name="TestRandomQuickSort" classname="CS648A.assignment1.AppTest" time="0.001"/>
  <testcase name="TestRandomQuickSort" classname="CS648A.assignment1.AppTest" time="0.001"/>
  <testcase name="TestRandomQuickSort" classname="CS648A.assignment1.AppTest" time="0"/>
  <testcase name="TestRandomQuickSort" classname="CS648A.assignment1.AppTest" time="0"/>
  <testcase name="TestRandomQuickSort" classname="CS648A.assignment1.AppTest" time="0.001"/>
  <testcase name="TestRandomQuickSort" classname="CS648A.assignment1.AppTest" time="0.001"/>
  <testcase name="TestRandomQuickSort" classname="CS648A.assignment1.AppTest" time="0.001"/>
  <testcase name="TestRandomQuickSort" classname="CS648A.assignment1.AppTest" time="0"/>
  <testcase name="TestRandomQuickSort" classname="CS648A.assignment1.AppTest" time="0.001"/>
  <testcase name="TestRandomQuickSort" classname="CS648A.assignment1.AppTest" time="0.001"/>
  <testcase name="TestRandomQuickSort" classname="CS648A.assignment1.AppTest" time="0.001"/>
  <testcase name="TestRandomQuickSort" classname="CS648A.assignment1.AppTest" time="0.001"/>
  <testcase name="TestRandomQuickSort" classname="CS648A.assignment1.AppTest" time="0.001"/>
  <testcase name="TestRandomQuickSort" classname="CS648A.assignment1.AppTest" time="0.001"/>
  <testcase name="TestRandomQuickSort" classname="CS648A.assignment1.AppTest" time="0.001"/>
  <testcase name="TestRandomQuickSort" classname="CS648A.assignment1.AppTest" time="0.001"/>
  <testcase name="TestRandomQuickSort" classname="CS648A.assignment1.AppTest" time="0.001"/>
  <testcase name="TestRandomQuickSort" classname="CS648A.assignment1.AppTest" time="0.001"/>
  <testcase name="TestRandomQuickSort" classname="CS648A.assignment1.AppTest" time="0"/>
  <testcase name="TestRandomQuickSort" classname="CS648A.assignment1.AppTest" time="0.001"/>
  <testcase name="TestRandomQuickSort" classname="CS648A.assignment1.AppTest" time="0.001"/>
  <testcase name="TestRandomQuickSort" classname="CS648A.assignment1.AppTest" time="0.001"/>
  <testcase name="TestRandomQuickSort" classname="CS648A.assignment1.AppTest" time="0"/>
  <testcase name="TestRandomQuickSort" classname="CS648A.assignment1.AppTest" time="0"/>
  <testcase name="TestRandomQuickSort" classname="CS648A.assignment1.AppTest" time="0"/>
  <testcase name="TestRandomQuickSort" classname="CS648A.assignment1.AppTest" time="0.001"/>
  <testcase name="TestRandomQuickSort" classname="CS648A.assignment1.AppTest" time="0"/>
  <testcase name="TestRandomQuickSort" classname="CS648A.assignment1.AppTest" time="0.001"/>
  <testcase name="TestRandomQuickSort" classname="CS648A.assignment1.AppTest" time="0.001"/>
  <testcase name="TestRandomQuickSort" classname="CS648A.assignment1.AppTest" time="0.001"/>
  <testcase name="TestRandomQuickSort" classname="CS648A.assignment1.AppTest" time="0.001"/>
  <testcase name="TestRandomQuickSort" classname="CS648A.assignment1.AppTest" time="0.001"/>
  <testcase name="TestRandomQuickSort" classname="CS648A.assignment1.AppTest" time="0.001"/>
  <testcase name="TestRandomQuickSort" classname="CS648A.assignment1.AppTest" time="0.001"/>
  <testcase name="TestRandomQuickSort" classname="CS648A.assignment1.AppTest" time="0.001"/>
  <testcase name="TestRandomQuickSort" classname="CS648A.assignment1.AppTest" time="0.001"/>
  <testcase name="TestRandomQuickSort" classname="CS648A.assignment1.AppTest" time="0.001"/>
  <testcase name="TestRandomQuickSort" classname="CS648A.assignment1.AppTest" time="0.001"/>
  <testcase name="TestRandomQuickSort" classname="CS648A.assignment1.AppTest" time="0.001"/>
  <testcase name="TestRandomQuickSort" classname="CS648A.assignment1.AppTest" time="0.001"/>
  <testcase name="TestRandomQuickSort" classname="CS648A.assignment1.AppTest" time="0.001"/>
  <testcase name="TestRandomQuickSort" classname="CS648A.assignment1.AppTest" time="0.001"/>
  <testcase name="TestRandomQuickSort" classname="CS648A.assignment1.AppTest" time="0.001"/>
  <testcase name="TestRandomQuickSort" classname="CS648A.assignment1.AppTest" time="0.001"/>
  <testcase name="TestRandomQuickSort" classname="CS648A.assignment1.AppTest" time="0.001"/>
  <testcase name="TestRandomQuickSort" classname="CS648A.assignment1.AppTest" time="0"/>
  <testcase name="TestRandomQuickSort" classname="CS648A.assignment1.AppTest" time="0.001"/>
  <testcase name="TestRandomQuickSort" classname="CS648A.assignment1.AppTest" time="0.001"/>
  <testcase name="TestRandomQuickSort" classname="CS648A.assignment1.AppTest" time="0"/>
  <testcase name="TestRandomQuickSort" classname="CS648A.assignment1.AppTest" time="0.001"/>
  <testcase name="TestRandomQuickSort" classname="CS648A.assignment1.AppTest" time="0.001"/>
  <testcase name="TestRandomQuickSort" classname="CS648A.assignment1.AppTest" time="0"/>
  <testcase name="TestRandomQuickSort" classname="CS648A.assignment1.AppTest" time="0.001"/>
  <testcase name="TestRandomQuickSort" classname="CS648A.assignment1.AppTest" time="0"/>
  <testcase name="TestRandomQuickSort" classname="CS648A.assignment1.AppTest" time="0.001"/>
  <testcase name="TestRandomQuickSort" classname="CS648A.assignment1.AppTest" time="0"/>
  <testcase name="TestRandomQuickSort" classname="CS648A.assignment1.AppTest" time="0.001"/>
  <testcase name="TestRandomQuickSort" classname="CS648A.assignment1.AppTest" time="0.001"/>
  <testcase name="TestRandomQuickSort" classname="CS648A.assignment1.AppTest" time="0.001"/>
  <testcase name="TestRandomQuickSort" classname="CS648A.assignment1.AppTest" time="0"/>
  <testcase name="TestRandomQuickSort" classname="CS648A.assignment1.AppTest" time="0"/>
  <testcase name="TestRandomQuickSort" classname="CS648A.assignment1.AppTest" time="0.001"/>
  <testcase name="TestRandomQuickSort" classname="CS648A.assignment1.AppTest" time="0.001"/>
  <testcase name="TestRandomQuickSort" classname="CS648A.assignment1.AppTest" time="0"/>
  <testcase name="TestRandomQuickSort" classname="CS648A.assignment1.AppTest" time="0.001"/>
  <testcase name="TestRandomQuickSort" classname="CS648A.assignment1.AppTest" time="0"/>
  <testcase name="TestRandomQuickSort" classname="CS648A.assignment1.AppTest" time="0.001"/>
  <testcase name="TestRandomQuickSort" classname="CS648A.assignment1.AppTest" time="0"/>
  <testcase name="TestRandomQuickSort" classname="CS648A.assignment1.AppTest" time="0"/>
  <testcase name="TestRandomQuickSort" classname="CS648A.assignment1.AppTest" time="0.001"/>
  <testcase name="TestRandomQuickSort" classname="CS648A.assignment1.AppTest" time="0"/>
  <testcase name="TestRandomQuickSort" classname="CS648A.assignment1.AppTest" time="0.001"/>
  <testcase name="TestRandomQuickSort" classname="CS648A.assignment1.AppTest" time="0.001"/>
  <testcase name="TestRandomQuickSort" classname="CS648A.assignment1.AppTest" time="0"/>
  <testcase name="TestRandomQuickSort" classname="CS648A.assignment1.AppTest" time="0.001"/>
  <testcase name="TestRandomQuickSort" classname="CS648A.assignment1.AppTest" time="0.001"/>
  <testcase name="TestRandomQuickSort" classname="CS648A.assignment1.AppTest" time="0.001"/>
  <testcase name="TestRandomQuickSort" classname="CS648A.assignment1.AppTest" time="0.001"/>
  <testcase name="TestRandomQuickSort" classname="CS648A.assignment1.AppTest" time="0.001"/>
  <testcase name="TestRandomQuickSort" classname="CS648A.assignment1.AppTest" time="0.001"/>
  <testcase name="TestRandomQuickSort" classname="CS648A.assignment1.AppTest" time="0"/>
  <testcase name="TestRandomQuickSort" classname="CS648A.assignment1.AppTest" time="0"/>
  <testcase name="TestRandomQuickSort" classname="CS648A.assignment1.AppTest" time="0.001"/>
  <testcase name="TestRandomQuickSort" classname="CS648A.assignment1.AppTest" time="0"/>
  <testcase name="TestRandomQuickSort" classname="CS648A.assignment1.AppTest" time="0.001"/>
  <testcase name="TestRandomQuickSort" classname="CS648A.assignment1.AppTest" time="0.001"/>
  <testcase name="TestRandomQuickSort" classname="CS648A.assignment1.AppTest" time="0"/>
  <testcase name="TestRandomQuickSort" classname="CS648A.assignment1.AppTest" time="0.001"/>
  <testcase name="TestRandomQuickSort" classname="CS648A.assignment1.AppTest" time="0"/>
  <testcase name="TestRandomQuickSort" classname="CS648A.assignment1.AppTest" time="0.001"/>
  <testcase name="TestRandomQuickSort" classname="CS648A.assignment1.AppTest" time="0"/>
  <testcase name="TestRandomQuickSort" classname="CS648A.assignment1.AppTest" time="0"/>
  <testcase name="TestRandomQuickSort" classname="CS648A.assignment1.AppTest" time="0.001"/>
  <testcase name="TestRandomQuickSort" classname="CS648A.assignment1.AppTest" time="0.001"/>
  <testcase name="TestRandomQuickSort" classname="CS648A.assignment1.AppTest" time="0.001"/>
  <testcase name="TestRandomQuickSort" classname="CS648A.assignment1.AppTest" time="0.001"/>
  <testcase name="TestRandomQuickSort" classname="CS648A.assignment1.AppTest" time="0.001"/>
  <testcase name="TestRandomQuickSort" classname="CS648A.assignment1.AppTest" time="0"/>
  <testcase name="TestRandomQuickSort" classname="CS648A.assignment1.AppTest" time="0"/>
  <testcase name="TestRandomQuickSort" classname="CS648A.assignment1.AppTest" time="0"/>
  <testcase name="TestRandomQuickSort" classname="CS648A.assignment1.AppTest" time="0"/>
  <testcase name="TestRandomQuickSort" classname="CS648A.assignment1.AppTest" time="0"/>
  <testcase name="TestRandomQuickSort" classname="CS648A.assignment1.AppTest" time="0.001"/>
  <testcase name="TestRandomQuickSort" classname="CS648A.assignment1.AppTest" time="0"/>
  <testcase name="TestRandomQuickSort" classname="CS648A.assignment1.AppTest" time="0"/>
  <testcase name="TestRandomQuickSort" classname="CS648A.assignment1.AppTest" time="0"/>
  <testcase name="TestRandomQuickSort" classname="CS648A.assignment1.AppTest" time="0.001"/>
  <testcase name="TestRandomQuickSort" classname="CS648A.assignment1.AppTest" time="0.001"/>
  <testcase name="TestRandomQuickSort" classname="CS648A.assignment1.AppTest" time="0"/>
  <testcase name="TestRandomQuickSort" classname="CS648A.assignment1.AppTest" time="0"/>
  <testcase name="TestRandomQuickSort" classname="CS648A.assignment1.AppTest" time="0"/>
  <testcase name="TestRandomQuickSort" classname="CS648A.assignment1.AppTest" time="0.001"/>
  <testcase name="TestRandomQuickSort" classname="CS648A.assignment1.AppTest" time="0.001"/>
  <testcase name="TestRandomQuickSort" classname="CS648A.assignment1.AppTest" time="0.001"/>
  <testcase name="TestRandomQuickSort" classname="CS648A.assignment1.AppTest" time="0"/>
  <testcase name="TestRandomQuickSort" classname="CS648A.assignment1.AppTest" time="0"/>
  <testcase name="TestRandomQuickSort" classname="CS648A.assignment1.AppTest" time="0.001"/>
  <testcase name="TestRandomQuickSort" classname="CS648A.assignment1.AppTest" time="0.001"/>
  <testcase name="TestRandomQuickSort" classname="CS648A.assignment1.AppTest" time="0"/>
  <testcase name="TestRandomQuickSort" classname="CS648A.assignment1.AppTest" time="0"/>
  <testcase name="TestRandomQuickSort" classname="CS648A.assignment1.AppTest" time="0.001"/>
  <testcase name="TestRandomQuickSort" classname="CS648A.assignment1.AppTest" time="0.001"/>
  <testcase name="TestRandomQuickSort" classname="CS648A.assignment1.AppTest" time="0.001"/>
  <testcase name="TestRandomQuickSort" classname="CS648A.assignment1.AppTest" time="0"/>
  <testcase name="TestRandomQuickSort" classname="CS648A.assignment1.AppTest" time="0"/>
  <testcase name="TestRandomQuickSort" classname="CS648A.assignment1.AppTest" time="0"/>
  <testcase name="TestRandomQuickSort" classname="CS648A.assignment1.AppTest" time="0"/>
  <testcase name="TestRandomQuickSort" classname="CS648A.assignment1.AppTest" time="0"/>
  <testcase name="TestRandomQuickSort" classname="CS648A.assignment1.AppTest" time="0"/>
  <testcase name="TestRandomQuickSort" classname="CS648A.assignment1.AppTest" time="0.001"/>
  <testcase name="TestRandomQuickSort" classname="CS648A.assignment1.AppTest" time="0.001"/>
  <testcase name="TestRandomQuickSort" classname="CS648A.assignment1.AppTest" time="0.001"/>
  <testcase name="TestRandomQuickSort" classname="CS648A.assignment1.AppTest" time="0"/>
  <testcase name="TestRandomQuickSort" classname="CS648A.assignment1.AppTest" time="0"/>
  <testcase name="TestRandomQuickSort" classname="CS648A.assignment1.AppTest" time="0.001"/>
  <testcase name="TestRandomQuickSort" classname="CS648A.assignment1.AppTest" time="0.001"/>
  <testcase name="TestRandomQuickSort" classname="CS648A.assignment1.AppTest" time="0.001"/>
  <testcase name="TestRandomQuickSort" classname="CS648A.assignment1.AppTest" time="0.001"/>
  <testcase name="TestRandomQuickSort" classname="CS648A.assignment1.AppTest" time="0.001"/>
  <testcase name="TestRandomQuickSort" classname="CS648A.assignment1.AppTest" time="0.001"/>
  <testcase name="TestRandomQuickSort" classname="CS648A.assignment1.AppTest" time="0.001"/>
  <testcase name="TestRandomQuickSort" classname="CS648A.assignment1.AppTest" time="0.001"/>
  <testcase name="TestRandomQuickSort" classname="CS648A.assignment1.AppTest" time="0"/>
  <testcase name="TestRandomQuickSort" classname="CS648A.assignment1.AppTest" time="0.001"/>
  <testcase name="TestRandomQuickSort" classname="CS648A.assignment1.AppTest" time="0"/>
  <testcase name="TestRandomQuickSort" classname="CS648A.assignment1.AppTest" time="0"/>
  <testcase name="TestRandomQuickSort" classname="CS648A.assignment1.AppTest" time="0"/>
  <testcase name="TestRandomQuickSort" classname="CS648A.assignment1.AppTest" time="0.001"/>
  <testcase name="TestRandomQuickSort" classname="CS648A.assignment1.AppTest" time="0.001"/>
  <testcase name="TestRandomQuickSort" classname="CS648A.assignment1.AppTest" time="0.001"/>
  <testcase name="TestRandomQuickSort" classname="CS648A.assignment1.AppTest" time="0.001"/>
  <testcase name="TestRandomQuickSort" classname="CS648A.assignment1.AppTest" time="0.001"/>
  <testcase name="TestRandomQuickSort" classname="CS648A.assignment1.AppTest" time="0"/>
  <testcase name="TestRandomQuickSort" classname="CS648A.assignment1.AppTest" time="0"/>
  <testcase name="TestRandomQuickSort" classname="CS648A.assignment1.AppTest" time="0"/>
  <testcase name="TestRandomQuickSort" classname="CS648A.assignment1.AppTest" time="0.001"/>
  <testcase name="TestRandomQuickSort" classname="CS648A.assignment1.AppTest" time="0"/>
  <testcase name="TestRandomQuickSort" classname="CS648A.assignment1.AppTest" time="0.001"/>
  <testcase name="TestRandomQuickSort" classname="CS648A.assignment1.AppTest" time="0.001"/>
  <testcase name="TestRandomQuickSort" classname="CS648A.assignment1.AppTest" time="0.001"/>
  <testcase name="TestRandomQuickSort" classname="CS648A.assignment1.AppTest" time="0"/>
  <testcase name="TestRandomQuickSort" classname="CS648A.assignment1.AppTest" time="0"/>
  <testcase name="TestRandomQuickSort" classname="CS648A.assignment1.AppTest" time="0"/>
  <testcase name="TestRandomQuickSort" classname="CS648A.assignment1.AppTest" time="0.001"/>
  <testcase name="TestRandomQuickSort" classname="CS648A.assignment1.AppTest" time="0.001"/>
  <testcase name="TestRandomQuickSort" classname="CS648A.assignment1.AppTest" time="0"/>
  <testcase name="TestRandomQuickSort" classname="CS648A.assignment1.AppTest" time="0.001"/>
  <testcase name="TestRandomQuickSort" classname="CS648A.assignment1.AppTest" time="0.001"/>
  <testcase name="TestRandomQuickSort" classname="CS648A.assignment1.AppTest" time="0.001"/>
  <testcase name="TestRandomQuickSort" classname="CS648A.assignment1.AppTest" time="0.001"/>
  <testcase name="TestRandomQuickSort" classname="CS648A.assignment1.AppTest" time="0"/>
  <testcase name="TestRandomQuickSort" classname="CS648A.assignment1.AppTest" time="0"/>
  <testcase name="TestRandomQuickSort" classname="CS648A.assignment1.AppTest" time="0"/>
  <testcase name="TestRandomQuickSort" classname="CS648A.assignment1.AppTest" time="0"/>
  <testcase name="TestRandomQuickSort" classname="CS648A.assignment1.AppTest" time="0"/>
  <testcase name="TestRandomQuickSort" classname="CS648A.assignment1.AppTest" time="0"/>
  <testcase name="TestRandomQuickSort" classname="CS648A.assignment1.AppTest" time="0.001"/>
  <testcase name="TestRandomQuickSort" classname="CS648A.assignment1.AppTest" time="0"/>
  <testcase name="TestRandomQuickSort" classname="CS648A.assignment1.AppTest" time="0.001"/>
  <testcase name="TestRandomQuickSort" classname="CS648A.assignment1.AppTest" time="0.001"/>
  <testcase name="TestRandomQuickSort" classname="CS648A.assignment1.AppTest" time="0"/>
  <testcase name="TestRandomQuickSort" classname="CS648A.assignment1.AppTest" time="0"/>
  <testcase name="TestRandomQuickSort" classname="CS648A.assignment1.AppTest" time="0"/>
  <testcase name="TestRandomQuickSort" classname="CS648A.assignment1.AppTest" time="0.001"/>
  <testcase name="TestRandomQuickSort" classname="CS648A.assignment1.AppTest" time="0.001"/>
  <testcase name="TestRandomQuickSort" classname="CS648A.assignment1.AppTest" time="0"/>
  <testcase name="TestRandomQuickSort" classname="CS648A.assignment1.AppTest" time="0.001"/>
  <testcase name="TestRandomQuickSort" classname="CS648A.assignment1.AppTest" time="0.001"/>
  <testcase name="TestRandomQuickSort" classname="CS648A.assignment1.AppTest" time="0.001"/>
  <testcase name="TestRandomQuickSort" classname="CS648A.assignment1.AppTest" time="0"/>
  <testcase name="TestRandomQuickSort" classname="CS648A.assignment1.AppTest" time="0"/>
  <testcase name="TestRandomQuickSort" classname="CS648A.assignment1.AppTest" time="0"/>
  <testcase name="TestRandomQuickSort" classname="CS648A.assignment1.AppTest" time="0.001"/>
  <testcase name="TestRandomQuickSort" classname="CS648A.assignment1.AppTest" time="0.001"/>
  <testcase name="TestRandomQuickSort" classname="CS648A.assignment1.AppTest" time="0"/>
  <testcase name="TestRandomQuickSort" classname="CS648A.assignment1.AppTest" time="0"/>
  <testcase name="TestRandomQuickSort" classname="CS648A.assignment1.AppTest" time="0"/>
  <testcase name="TestRandomQuickSort" classname="CS648A.assignment1.AppTest" time="0.001"/>
  <testcase name="TestRandomQuickSort" classname="CS648A.assignment1.AppTest" time="0"/>
  <testcase name="TestRandomQuickSort" classname="CS648A.assignment1.AppTest" time="0"/>
  <testcase name="TestRandomQuickSort" classname="CS648A.assignment1.AppTest" time="0"/>
  <testcase name="TestRandomQuickSort" classname="CS648A.assignment1.AppTest" time="0"/>
  <testcase name="TestRandomQuickSort" classname="CS648A.assignment1.AppTest" time="0"/>
  <testcase name="TestRandomQuickSort" classname="CS648A.assignment1.AppTest" time="0"/>
  <testcase name="TestRandomQuickSort" classname="CS648A.assignment1.AppTest" time="0.001"/>
  <testcase name="TestRandomQuickSort" classname="CS648A.assignment1.AppTest" time="0.001"/>
  <testcase name="TestRandomQuickSort" classname="CS648A.assignment1.AppTest" time="0"/>
  <testcase name="TestRandomQuickSort" classname="CS648A.assignment1.AppTest" time="0"/>
  <testcase name="TestRandomQuickSort" classname="CS648A.assignment1.AppTest" time="0"/>
  <testcase name="TestRandomQuickSort" classname="CS648A.assignment1.AppTest" time="0.001"/>
  <testcase name="TestRandomQuickSort" classname="CS648A.assignment1.AppTest" time="0"/>
  <testcase name="TestRandomQuickSort" classname="CS648A.assignment1.AppTest" time="0.001"/>
  <testcase name="TestRandomQuickSort" classname="CS648A.assignment1.AppTest" time="0.001"/>
  <testcase name="TestRandomQuickSort" classname="CS648A.assignment1.AppTest" time="0.001"/>
  <testcase name="TestRandomQuickSort" classname="CS648A.assignment1.AppTest" time="0.001"/>
  <testcase name="TestRandomQuickSort" classname="CS648A.assignment1.AppTest" time="0.001"/>
  <testcase name="TestRandomQuickSort" classname="CS648A.assignment1.AppTest" time="0.001"/>
  <testcase name="TestRandomQuickSort" classname="CS648A.assignment1.AppTest" time="0.001"/>
  <testcase name="TestRandomQuickSort" classname="CS648A.assignment1.AppTest" time="0.001"/>
  <testcase name="TestRandomQuickSort" classname="CS648A.assignment1.AppTest" time="0"/>
  <testcase name="TestRandomQuickSort" classname="CS648A.assignment1.AppTest" time="0"/>
  <testcase name="TestRandomQuickSort" classname="CS648A.assignment1.AppTest" time="0.001"/>
  <testcase name="TestRandomQuickSort" classname="CS648A.assignment1.AppTest" time="0.001"/>
  <testcase name="TestRandomQuickSort" classname="CS648A.assignment1.AppTest" time="0"/>
  <testcase name="TestRandomQuickSort" classname="CS648A.assignment1.AppTest" time="0"/>
  <testcase name="TestRandomQuickSort" classname="CS648A.assignment1.AppTest" time="0"/>
  <testcase name="TestRandomQuickSort" classname="CS648A.assignment1.AppTest" time="0"/>
  <testcase name="TestRandomQuickSort" classname="CS648A.assignment1.AppTest" time="0"/>
  <testcase name="TestRandomQuickSort" classname="CS648A.assignment1.AppTest" time="0"/>
  <testcase name="TestRandomQuickSort" classname="CS648A.assignment1.AppTest" time="0"/>
  <testcase name="TestRandomQuickSort" classname="CS648A.assignment1.AppTest" time="0"/>
  <testcase name="TestRandomQuickSort" classname="CS648A.assignment1.AppTest" time="0"/>
  <testcase name="TestRandomQuickSort" classname="CS648A.assignment1.AppTest" time="0"/>
  <testcase name="TestRandomQuickSort" classname="CS648A.assignment1.AppTest" time="0"/>
  <testcase name="TestRandomQuickSort" classname="CS648A.assignment1.AppTest" time="0"/>
  <testcase name="TestRandomQuickSort" classname="CS648A.assignment1.AppTest" time="0"/>
  <testcase name="TestRandomQuickSort" classname="CS648A.assignment1.AppTest" time="0.001"/>
  <testcase name="TestRandomQuickSort" classname="CS648A.assignment1.AppTest" time="0.001"/>
  <testcase name="TestRandomQuickSort" classname="CS648A.assignment1.AppTest" time="0.001"/>
  <testcase name="TestRandomQuickSort" classname="CS648A.assignment1.AppTest" time="0.001"/>
  <testcase name="TestRandomQuickSort" classname="CS648A.assignment1.AppTest" time="0.001"/>
  <testcase name="TestRandomQuickSort" classname="CS648A.assignment1.AppTest" time="0.001"/>
  <testcase name="TestRandomQuickSort" classname="CS648A.assignment1.AppTest" time="0.001"/>
  <testcase name="TestRandomQuickSort" classname="CS648A.assignment1.AppTest" time="0.001"/>
  <testcase name="TestRandomQuickSort" classname="CS648A.assignment1.AppTest" time="0.001"/>
  <testcase name="TestRandomQuickSort" classname="CS648A.assignment1.AppTest" time="0.001"/>
  <testcase name="TestRandomQuickSort" classname="CS648A.assignment1.AppTest" time="0.001"/>
  <testcase name="TestRandomQuickSort" classname="CS648A.assignment1.AppTest" time="0.001"/>
  <testcase name="TestRandomQuickSort" classname="CS648A.assignment1.AppTest" time="0.001"/>
  <testcase name="TestRandomQuickSort" classname="CS648A.assignment1.AppTest" time="0.001"/>
  <testcase name="TestRandomQuickSort" classname="CS648A.assignment1.AppTest" time="0.001"/>
  <testcase name="TestRandomQuickSort" classname="CS648A.assignment1.AppTest" time="0.001"/>
  <testcase name="TestRandomQuickSort" classname="CS648A.assignment1.AppTest" time="0.001"/>
  <testcase name="TestRandomQuickSort" classname="CS648A.assignment1.AppTest" time="0.001"/>
  <testcase name="TestRandomQuickSort" classname="CS648A.assignment1.AppTest" time="0"/>
  <testcase name="TestRandomQuickSort" classname="CS648A.assignment1.AppTest" time="0"/>
  <testcase name="TestRandomQuickSort" classname="CS648A.assignment1.AppTest" time="0"/>
  <testcase name="TestRandomQuickSort" classname="CS648A.assignment1.AppTest" time="0"/>
  <testcase name="TestRandomQuickSort" classname="CS648A.assignment1.AppTest" time="0"/>
  <testcase name="TestRandomQuickSort" classname="CS648A.assignment1.AppTest" time="0"/>
  <testcase name="TestRandomQuickSort" classname="CS648A.assignment1.AppTest" time="0.001"/>
  <testcase name="TestRandomQuickSort" classname="CS648A.assignment1.AppTest" time="0.001"/>
  <testcase name="TestRandomQuickSort" classname="CS648A.assignment1.AppTest" time="0.001"/>
  <testcase name="TestRandomQuickSort" classname="CS648A.assignment1.AppTest" time="0.001"/>
  <testcase name="TestRandomQuickSort" classname="CS648A.assignment1.AppTest" time="0.001"/>
  <testcase name="TestRandomQuickSort" classname="CS648A.assignment1.AppTest" time="0.001"/>
  <testcase name="TestRandomQuickSort" classname="CS648A.assignment1.AppTest" time="0"/>
  <testcase name="TestRandomQuickSort" classname="CS648A.assignment1.AppTest" time="0"/>
  <testcase name="TestRandomQuickSort" classname="CS648A.assignment1.AppTest" time="0"/>
  <testcase name="TestRandomQuickSort" classname="CS648A.assignment1.AppTest" time="0.001"/>
  <testcase name="TestRandomQuickSort" classname="CS648A.assignment1.AppTest" time="0.001"/>
  <testcase name="TestRandomQuickSort" classname="CS648A.assignment1.AppTest" time="0"/>
  <testcase name="TestRandomQuickSort" classname="CS648A.assignment1.AppTest" time="0"/>
  <testcase name="TestRandomQuickSort" classname="CS648A.assignment1.AppTest" time="0"/>
  <testcase name="TestRandomQuickSort" classname="CS648A.assignment1.AppTest" time="0"/>
  <testcase name="TestRandomQuickSort" classname="CS648A.assignment1.AppTest" time="0"/>
  <testcase name="TestRandomQuickSort" classname="CS648A.assignment1.AppTest" time="0"/>
  <testcase name="TestRandomQuickSort" classname="CS648A.assignment1.AppTest" time="0"/>
  <testcase name="TestRandomQuickSort" classname="CS648A.assignment1.AppTest" time="0"/>
  <testcase name="TestRandomQuickSort" classname="CS648A.assignment1.AppTest" time="0"/>
  <testcase name="TestRandomQuickSort" classname="CS648A.assignment1.AppTest" time="0"/>
  <testcase name="TestRandomQuickSort" classname="CS648A.assignment1.AppTest" time="0.001"/>
  <testcase name="TestRandomQuickSort" classname="CS648A.assignment1.AppTest" time="0.001"/>
  <testcase name="TestRandomQuickSort" classname="CS648A.assignment1.AppTest" time="0.001"/>
  <testcase name="TestRandomQuickSort" classname="CS648A.assignment1.AppTest" time="0.001"/>
  <testcase name="TestRandomQuickSort" classname="CS648A.assignment1.AppTest" time="0.001"/>
  <testcase name="TestRandomQuickSort" classname="CS648A.assignment1.AppTest" time="0"/>
  <testcase name="TestRandomQuickSort" classname="CS648A.assignment1.AppTest" time="0"/>
  <testcase name="TestRandomQuickSort" classname="CS648A.assignment1.AppTest" time="0"/>
  <testcase name="TestRandomQuickSort" classname="CS648A.assignment1.AppTest" time="0"/>
  <testcase name="TestRandomQuickSort" classname="CS648A.assignment1.AppTest" time="0.001"/>
  <testcase name="TestRandomQuickSort" classname="CS648A.assignment1.AppTest" time="0.001"/>
  <testcase name="TestRandomQuickSort" classname="CS648A.assignment1.AppTest" time="0"/>
  <testcase name="TestRandomQuickSort" classname="CS648A.assignment1.AppTest" time="0"/>
  <testcase name="TestRandomQuickSort" classname="CS648A.assignment1.AppTest" time="0"/>
  <testcase name="TestRandomQuickSort" classname="CS648A.assignment1.AppTest" time="0.001"/>
  <testcase name="TestRandomQuickSort" classname="CS648A.assignment1.AppTest" time="0.001"/>
  <testcase name="TestRandomQuickSort" classname="CS648A.assignment1.AppTest" time="0.001"/>
  <testcase name="TestRandomQuickSort" classname="CS648A.assignment1.AppTest" time="0"/>
  <testcase name="TestRandomQuickSort" classname="CS648A.assignment1.AppTest" time="0"/>
  <testcase name="TestRandomQuickSort" classname="CS648A.assignment1.AppTest" time="0"/>
  <testcase name="TestRandomQuickSort" classname="CS648A.assignment1.AppTest" time="0"/>
  <testcase name="TestRandomQuickSort" classname="CS648A.assignment1.AppTest" time="0"/>
  <testcase name="TestRandomQuickSort" classname="CS648A.assignment1.AppTest" time="0"/>
  <testcase name="TestRandomQuickSort" classname="CS648A.assignment1.AppTest" time="0.001"/>
  <testcase name="TestRandomQuickSort" classname="CS648A.assignment1.AppTest" time="0.001"/>
  <testcase name="TestRandomQuickSort" classname="CS648A.assignment1.AppTest" time="0.001"/>
  <testcase name="TestRandomQuickSort" classname="CS648A.assignment1.AppTest" time="0.001"/>
  <testcase name="TestRandomQuickSort" classname="CS648A.assignment1.AppTest" time="0.001"/>
  <testcase name="TestRandomQuickSort" classname="CS648A.assignment1.AppTest" time="0.001"/>
  <testcase name="TestRandomQuickSort" classname="CS648A.assignment1.AppTest" time="0"/>
  <testcase name="TestRandomQuickSort" classname="CS648A.assignment1.AppTest" time="0"/>
  <testcase name="TestRandomQuickSort" classname="CS648A.assignment1.AppTest" time="0"/>
  <testcase name="TestRandomQuickSort" classname="CS648A.assignment1.AppTest" time="0"/>
  <testcase name="TestRandomQuickSort" classname="CS648A.assignment1.AppTest" time="0.001"/>
  <testcase name="TestRandomQuickSort" classname="CS648A.assignment1.AppTest" time="0.001"/>
  <testcase name="TestRandomQuickSort" classname="CS648A.assignment1.AppTest" time="0.001"/>
  <testcase name="TestRandomQuickSort" classname="CS648A.assignment1.AppTest" time="0.001"/>
  <testcase name="TestRandomQuickSort" classname="CS648A.assignment1.AppTest" time="0.001"/>
  <testcase name="TestRandomQuickSort" classname="CS648A.assignment1.AppTest" time="0.001"/>
  <testcase name="TestRandomQuickSort" classname="CS648A.assignment1.AppTest" time="0.001"/>
  <testcase name="TestRandomQuickSort" classname="CS648A.assignment1.AppTest" time="0.001"/>
  <testcase name="TestRandomQuickSort" classname="CS648A.assignment1.AppTest" time="0.001"/>
  <testcase name="TestRandomQuickSort" classname="CS648A.assignment1.AppTest" time="0.001"/>
  <testcase name="TestRandomQuickSort" classname="CS648A.assignment1.AppTest" time="0.001"/>
  <testcase name="TestRandomQuickSort" classname="CS648A.assignment1.AppTest" time="0"/>
  <testcase name="TestRandomQuickSort" classname="CS648A.assignment1.AppTest" time="0"/>
  <testcase name="TestRandomQuickSort" classname="CS648A.assignment1.AppTest" time="0"/>
  <testcase name="TestRandomQuickSort" classname="CS648A.assignment1.AppTest" time="0"/>
  <testcase name="TestRandomQuickSort" classname="CS648A.assignment1.AppTest" time="0"/>
  <testcase name="TestRandomQuickSort" classname="CS648A.assignment1.AppTest" time="0"/>
  <testcase name="TestRandomQuickSort" classname="CS648A.assignment1.AppTest" time="0"/>
  <testcase name="TestRandomQuickSort" classname="CS648A.assignment1.AppTest" time="0"/>
  <testcase name="TestRandomQuickSort" classname="CS648A.assignment1.AppTest" time="0"/>
  <testcase name="TestRandomQuickSort" classname="CS648A.assignment1.AppTest" time="0"/>
  <testcase name="TestRandomQuickSort" classname="CS648A.assignment1.AppTest" time="0"/>
  <testcase name="TestRandomQuickSort" classname="CS648A.assignment1.AppTest" time="0"/>
  <testcase name="TestRandomQuickSort" classname="CS648A.assignment1.AppTest" time="0"/>
  <testcase name="TestRandomQuickSort" classname="CS648A.assignment1.AppTest" time="0"/>
  <testcase name="TestRandomQuickSort" classname="CS648A.assignment1.AppTest" time="0.001"/>
  <testcase name="TestRandomQuickSort" classname="CS648A.assignment1.AppTest" time="0"/>
  <testcase name="TestRandomQuickSort" classname="CS648A.assignment1.AppTest" time="0"/>
  <testcase name="TestRandomQuickSort" classname="CS648A.assignment1.AppTest" time="0"/>
  <testcase name="TestRandomQuickSort" classname="CS648A.assignment1.AppTest" time="0.001"/>
  <testcase name="TestRandomQuickSort" classname="CS648A.assignment1.AppTest" time="0.001"/>
  <testcase name="TestRandomQuickSort" classname="CS648A.assignment1.AppTest" time="0.001"/>
  <testcase name="TestRandomQuickSort" classname="CS648A.assignment1.AppTest" time="0.001"/>
  <testcase name="TestRandomQuickSort" classname="CS648A.assignment1.AppTest" time="0.001"/>
  <testcase name="TestRandomQuickSort" classname="CS648A.assignment1.AppTest" time="0.001"/>
  <testcase name="TestRandomQuickSort" classname="CS648A.assignment1.AppTest" time="0.002"/>
  <testcase name="TestRandomQuickSort" classname="CS648A.assignment1.AppTest" time="0"/>
  <testcase name="TestRandomQuickSort" classname="CS648A.assignment1.AppTest" time="0"/>
  <testcase name="TestRandomQuickSort" classname="CS648A.assignment1.AppTest" time="0"/>
  <testcase name="TestRandomQuickSort" classname="CS648A.assignment1.AppTest" time="0"/>
  <testcase name="TestRandomQuickSort" classname="CS648A.assignment1.AppTest" time="0.001"/>
  <testcase name="TestRandomQuickSort" classname="CS648A.assignment1.AppTest" time="0.001"/>
  <testcase name="TestRandomQuickSort" classname="CS648A.assignment1.AppTest" time="0"/>
  <testcase name="TestRandomQuickSort" classname="CS648A.assignment1.AppTest" time="0"/>
  <testcase name="TestRandomQuickSort" classname="CS648A.assignment1.AppTest" time="0.001"/>
  <testcase name="TestRandomQuickSort" classname="CS648A.assignment1.AppTest" time="0"/>
  <testcase name="TestRandomQuickSort" classname="CS648A.assignment1.AppTest" time="0"/>
  <testcase name="TestRandomQuickSort" classname="CS648A.assignment1.AppTest" time="0.001"/>
  <testcase name="TestRandomQuickSort" classname="CS648A.assignment1.AppTest" time="0.001"/>
  <testcase name="TestRandomQuickSort" classname="CS648A.assignment1.AppTest" time="0.001"/>
  <testcase name="TestRandomQuickSort" classname="CS648A.assignment1.AppTest" time="0"/>
  <testcase name="TestRandomQuickSort" classname="CS648A.assignment1.AppTest" time="0"/>
  <testcase name="TestRandomQuickSort" classname="CS648A.assignment1.AppTest" time="0"/>
  <testcase name="TestRandomQuickSort" classname="CS648A.assignment1.AppTest" time="0.001"/>
  <testcase name="TestRandomQuickSort" classname="CS648A.assignment1.AppTest" time="0"/>
  <testcase name="TestRandomQuickSort" classname="CS648A.assignment1.AppTest" time="0"/>
  <testcase name="TestRandomQuickSort" classname="CS648A.assignment1.AppTest" time="0"/>
  <testcase name="TestRandomQuickSort" classname="CS648A.assignment1.AppTest" time="0.001"/>
  <testcase name="TestRandomQuickSort" classname="CS648A.assignment1.AppTest" time="0.001"/>
  <testcase name="TestRandomQuickSort" classname="CS648A.assignment1.AppTest" time="0.001"/>
  <testcase name="TestRandomQuickSort" classname="CS648A.assignment1.AppTest" time="0.001"/>
  <testcase name="TestRandomQuickSort" classname="CS648A.assignment1.AppTest" time="0"/>
  <testcase name="TestRandomQuickSort" classname="CS648A.assignment1.AppTest" time="0"/>
  <testcase name="TestRandomQuickSort" classname="CS648A.assignment1.AppTest" time="0"/>
  <testcase name="TestRandomQuickSort" classname="CS648A.assignment1.AppTest" time="0"/>
  <testcase name="TestRandomQuickSort" classname="CS648A.assignment1.AppTest" time="0.001"/>
  <testcase name="TestRandomQuickSort" classname="CS648A.assignment1.AppTest" time="0"/>
  <testcase name="TestRandomQuickSort" classname="CS648A.assignment1.AppTest" time="0"/>
  <testcase name="TestRandomQuickSort" classname="CS648A.assignment1.AppTest" time="0"/>
  <testcase name="TestRandomQuickSort" classname="CS648A.assignment1.AppTest" time="0"/>
  <testcase name="TestRandomQuickSort" classname="CS648A.assignment1.AppTest" time="0.001"/>
  <testcase name="TestRandomQuickSort" classname="CS648A.assignment1.AppTest" time="0.001"/>
  <testcase name="TestRandomQuickSort" classname="CS648A.assignment1.AppTest" time="0"/>
  <testcase name="TestRandomQuickSort" classname="CS648A.assignment1.AppTest" time="0"/>
  <testcase name="TestRandomQuickSort" classname="CS648A.assignment1.AppTest" time="0"/>
  <testcase name="TestRandomQuickSort" classname="CS648A.assignment1.AppTest" time="0"/>
  <testcase name="TestRandomQuickSort" classname="CS648A.assignment1.AppTest" time="0.001"/>
  <testcase name="TestRandomQuickSort" classname="CS648A.assignment1.AppTest" time="0"/>
  <testcase name="TestRandomQuickSort" classname="CS648A.assignment1.AppTest" time="0"/>
  <testcase name="TestRandomQuickSort" classname="CS648A.assignment1.AppTest" time="0.001"/>
  <testcase name="TestRandomQuickSort" classname="CS648A.assignment1.AppTest" time="0"/>
  <testcase name="TestRandomQuickSort" classname="CS648A.assignment1.AppTest" time="0"/>
  <testcase name="TestRandomQuickSort" classname="CS648A.assignment1.AppTest" time="0"/>
  <testcase name="TestRandomQuickSort" classname="CS648A.assignment1.AppTest" time="0"/>
  <testcase name="TestRandomQuickSort" classname="CS648A.assignment1.AppTest" time="0"/>
  <testcase name="TestRandomQuickSort" classname="CS648A.assignment1.AppTest" time="0.001"/>
  <testcase name="TestRandomQuickSort" classname="CS648A.assignment1.AppTest" time="0"/>
  <testcase name="TestRandomQuickSort" classname="CS648A.assignment1.AppTest" time="0"/>
  <testcase name="TestRandomQuickSort" classname="CS648A.assignment1.AppTest" time="0.001"/>
  <testcase name="TestRandomQuickSort" classname="CS648A.assignment1.AppTest" time="0.001"/>
  <testcase name="TestRandomQuickSort" classname="CS648A.assignment1.AppTest" time="0"/>
  <testcase name="TestRandomQuickSort" classname="CS648A.assignment1.AppTest" time="0"/>
  <testcase name="TestRandomQuickSort" classname="CS648A.assignment1.AppTest" time="0"/>
  <testcase name="TestRandomQuickSort" classname="CS648A.assignment1.AppTest" time="0"/>
  <testcase name="TestRandomQuickSort" classname="CS648A.assignment1.AppTest" time="0"/>
  <testcase name="TestRandomQuickSort" classname="CS648A.assignment1.AppTest" time="0"/>
  <testcase name="TestRandomQuickSort" classname="CS648A.assignment1.AppTest" time="0.001"/>
  <testcase name="TestRandomQuickSort" classname="CS648A.assignment1.AppTest" time="0.001"/>
  <testcase name="TestRandomQuickSort" classname="CS648A.assignment1.AppTest" time="0.001"/>
  <testcase name="TestRandomQuickSort" classname="CS648A.assignment1.AppTest" time="0"/>
  <testcase name="TestRandomQuickSort" classname="CS648A.assignment1.AppTest" time="0"/>
  <testcase name="TestRandomQuickSort" classname="CS648A.assignment1.AppTest" time="0"/>
  <testcase name="TestRandomQuickSort" classname="CS648A.assignment1.AppTest" time="0.001"/>
  <testcase name="TestRandomQuickSort" classname="CS648A.assignment1.AppTest" time="0.001"/>
  <testcase name="TestRandomQuickSort" classname="CS648A.assignment1.AppTest" time="0"/>
  <testcase name="TestRandomQuickSort" classname="CS648A.assignment1.AppTest" time="0"/>
  <testcase name="TestRandomQuickSort" classname="CS648A.assignment1.AppTest" time="0.001"/>
  <testcase name="TestRandomQuickSort" classname="CS648A.assignment1.AppTest" time="0"/>
  <testcase name="TestRandomQuickSort" classname="CS648A.assignment1.AppTest" time="0.001"/>
  <testcase name="TestRandomQuickSort" classname="CS648A.assignment1.AppTest" time="0"/>
  <testcase name="TestRandomQuickSort" classname="CS648A.assignment1.AppTest" time="0"/>
  <testcase name="TestRandomQuickSort" classname="CS648A.assignment1.AppTest" time="0"/>
  <testcase name="TestRandomQuickSort" classname="CS648A.assignment1.AppTest" time="0.001"/>
  <testcase name="TestRandomQuickSort" classname="CS648A.assignment1.AppTest" time="0"/>
  <testcase name="TestRandomQuickSort" classname="CS648A.assignment1.AppTest" time="0"/>
  <testcase name="TestRandomQuickSort" classname="CS648A.assignment1.AppTest" time="0.001"/>
  <testcase name="TestRandomQuickSort" classname="CS648A.assignment1.AppTest" time="0"/>
  <testcase name="TestRandomQuickSort" classname="CS648A.assignment1.AppTest" time="0"/>
  <testcase name="TestRandomQuickSort" classname="CS648A.assignment1.AppTest" time="0"/>
  <testcase name="TestRandomQuickSort" classname="CS648A.assignment1.AppTest" time="0"/>
  <testcase name="TestRandomQuickSort" classname="CS648A.assignment1.AppTest" time="0.001"/>
  <testcase name="TestRandomQuickSort" classname="CS648A.assignment1.AppTest" time="0"/>
  <testcase name="TestRandomQuickSort" classname="CS648A.assignment1.AppTest" time="0"/>
  <testcase name="TestRandomQuickSort" classname="CS648A.assignment1.AppTest" time="0"/>
  <testcase name="TestRandomQuickSort" classname="CS648A.assignment1.AppTest" time="0"/>
  <testcase name="TestRandomQuickSort" classname="CS648A.assignment1.AppTest" time="0"/>
  <testcase name="TestRandomQuickSort" classname="CS648A.assignment1.AppTest" time="0"/>
  <testcase name="TestRandomQuickSort" classname="CS648A.assignment1.AppTest" time="0"/>
  <testcase name="TestRandomQuickSort" classname="CS648A.assignment1.AppTest" time="0"/>
  <testcase name="TestRandomQuickSort" classname="CS648A.assignment1.AppTest" time="0.001"/>
  <testcase name="TestRandomQuickSort" classname="CS648A.assignment1.AppTest" time="0"/>
  <testcase name="TestRandomQuickSort" classname="CS648A.assignment1.AppTest" time="0"/>
  <testcase name="TestRandomQuickSort" classname="CS648A.assignment1.AppTest" time="0"/>
  <testcase name="TestRandomQuickSort" classname="CS648A.assignment1.AppTest" time="0.001"/>
  <testcase name="TestRandomQuickSort" classname="CS648A.assignment1.AppTest" time="0"/>
  <testcase name="TestRandomQuickSort" classname="CS648A.assignment1.AppTest" time="0"/>
  <testcase name="TestRandomQuickSort" classname="CS648A.assignment1.AppTest" time="0.001"/>
  <testcase name="TestRandomQuickSort" classname="CS648A.assignment1.AppTest" time="0.001"/>
  <testcase name="TestRandomQuickSort" classname="CS648A.assignment1.AppTest" time="0"/>
  <testcase name="TestRandomQuickSort" classname="CS648A.assignment1.AppTest" time="0"/>
  <testcase name="TestRandomQuickSort" classname="CS648A.assignment1.AppTest" time="0"/>
  <testcase name="TestRandomQuickSort" classname="CS648A.assignment1.AppTest" time="0.001"/>
  <testcase name="TestMergeSort" classname="CS648A.assignment1.AppTest" time="0.017"/>
  <testcase name="TestMergeSort" classname="CS648A.assignment1.AppTest" time="0.002"/>
  <testcase name="TestMergeSort" classname="CS648A.assignment1.AppTest" time="0.001"/>
  <testcase name="TestMergeSort" classname="CS648A.assignment1.AppTest" time="0.001"/>
  <testcase name="TestMergeSort" classname="CS648A.assignment1.AppTest" time="0.001"/>
  <testcase name="TestMergeSort" classname="CS648A.assignment1.AppTest" time="0.001"/>
  <testcase name="TestMergeSort" classname="CS648A.assignment1.AppTest" time="0.001"/>
  <testcase name="TestMergeSort" classname="CS648A.assignment1.AppTest" time="0.001"/>
  <testcase name="TestMergeSort" classname="CS648A.assignment1.AppTest" time="0.001"/>
  <testcase name="TestMergeSort" classname="CS648A.assignment1.AppTest" time="0.001"/>
  <testcase name="TestMergeSort" classname="CS648A.assignment1.AppTest" time="0"/>
  <testcase name="TestMergeSort" classname="CS648A.assignment1.AppTest" time="0"/>
  <testcase name="TestMergeSort" classname="CS648A.assignment1.AppTest" time="0"/>
  <testcase name="TestMergeSort" classname="CS648A.assignment1.AppTest" time="0.001"/>
  <testcase name="TestMergeSort" classname="CS648A.assignment1.AppTest" time="0.001"/>
  <testcase name="TestMergeSort" classname="CS648A.assignment1.AppTest" time="0.001"/>
  <testcase name="TestMergeSort" classname="CS648A.assignment1.AppTest" time="0.001"/>
  <testcase name="TestMergeSort" classname="CS648A.assignment1.AppTest" time="0.002"/>
  <testcase name="TestMergeSort" classname="CS648A.assignment1.AppTest" time="0.001"/>
  <testcase name="TestMergeSort" classname="CS648A.assignment1.AppTest" time="0.001"/>
  <testcase name="TestMergeSort" classname="CS648A.assignment1.AppTest" time="0.001"/>
  <testcase name="TestMergeSort" classname="CS648A.assignment1.AppTest" time="0"/>
  <testcase name="TestMergeSort" classname="CS648A.assignment1.AppTest" time="0"/>
  <testcase name="TestMergeSort" classname="CS648A.assignment1.AppTest" time="0"/>
  <testcase name="TestMergeSort" classname="CS648A.assignment1.AppTest" time="0"/>
  <testcase name="TestMergeSort" classname="CS648A.assignment1.AppTest" time="0.001"/>
  <testcase name="TestMergeSort" classname="CS648A.assignment1.AppTest" time="0.001"/>
  <testcase name="TestMergeSort" classname="CS648A.assignment1.AppTest" time="0"/>
  <testcase name="TestMergeSort" classname="CS648A.assignment1.AppTest" time="0"/>
  <testcase name="TestMergeSort" classname="CS648A.assignment1.AppTest" time="0"/>
  <testcase name="TestMergeSort" classname="CS648A.assignment1.AppTest" time="0"/>
  <testcase name="TestMergeSort" classname="CS648A.assignment1.AppTest" time="0.001"/>
  <testcase name="TestMergeSort" classname="CS648A.assignment1.AppTest" time="0"/>
  <testcase name="TestMergeSort" classname="CS648A.assignment1.AppTest" time="0"/>
  <testcase name="TestMergeSort" classname="CS648A.assignment1.AppTest" time="0"/>
  <testcase name="TestMergeSort" classname="CS648A.assignment1.AppTest" time="0.001"/>
  <testcase name="TestMergeSort" classname="CS648A.assignment1.AppTest" time="0"/>
  <testcase name="TestMergeSort" classname="CS648A.assignment1.AppTest" time="0"/>
  <testcase name="TestMergeSort" classname="CS648A.assignment1.AppTest" time="0"/>
  <testcase name="TestMergeSort" classname="CS648A.assignment1.AppTest" time="0.001"/>
  <testcase name="TestMergeSort" classname="CS648A.assignment1.AppTest" time="0.001"/>
  <testcase name="TestMergeSort" classname="CS648A.assignment1.AppTest" time="0"/>
  <testcase name="TestMergeSort" classname="CS648A.assignment1.AppTest" time="0"/>
  <testcase name="TestMergeSort" classname="CS648A.assignment1.AppTest" time="0"/>
  <testcase name="TestMergeSort" classname="CS648A.assignment1.AppTest" time="0"/>
  <testcase name="TestMergeSort" classname="CS648A.assignment1.AppTest" time="0"/>
  <testcase name="TestMergeSort" classname="CS648A.assignment1.AppTest" time="0"/>
  <testcase name="TestMergeSort" classname="CS648A.assignment1.AppTest" time="0"/>
  <testcase name="TestMergeSort" classname="CS648A.assignment1.AppTest" time="0"/>
  <testcase name="TestMergeSort" classname="CS648A.assignment1.AppTest" time="0.001"/>
  <testcase name="TestMergeSort" classname="CS648A.assignment1.AppTest" time="0.001"/>
  <testcase name="TestMergeSort" classname="CS648A.assignment1.AppTest" time="0"/>
  <testcase name="TestMergeSort" classname="CS648A.assignment1.AppTest" time="0"/>
  <testcase name="TestMergeSort" classname="CS648A.assignment1.AppTest" time="0"/>
  <testcase name="TestMergeSort" classname="CS648A.assignment1.AppTest" time="0"/>
  <testcase name="TestMergeSort" classname="CS648A.assignment1.AppTest" time="0.001"/>
  <testcase name="TestMergeSort" classname="CS648A.assignment1.AppTest" time="0"/>
  <testcase name="TestMergeSort" classname="CS648A.assignment1.AppTest" time="0"/>
  <testcase name="TestMergeSort" classname="CS648A.assignment1.AppTest" time="0"/>
  <testcase name="TestMergeSort" classname="CS648A.assignment1.AppTest" time="0.001"/>
  <testcase name="TestMergeSort" classname="CS648A.assignment1.AppTest" time="0"/>
  <testcase name="TestMergeSort" classname="CS648A.assignment1.AppTest" time="0"/>
  <testcase name="TestMergeSort" classname="CS648A.assignment1.AppTest" time="0"/>
  <testcase name="TestMergeSort" classname="CS648A.assignment1.AppTest" time="0.001"/>
  <testcase name="TestMergeSort" classname="CS648A.assignment1.AppTest" time="0.001"/>
  <testcase name="TestMergeSort" classname="CS648A.assignment1.AppTest" time="0.001"/>
  <testcase name="TestMergeSort" classname="CS648A.assignment1.AppTest" time="0"/>
  <testcase name="TestMergeSort" classname="CS648A.assignment1.AppTest" time="0"/>
  <testcase name="TestMergeSort" classname="CS648A.assignment1.AppTest" time="0"/>
  <testcase name="TestMergeSort" classname="CS648A.assignment1.AppTest" time="0.001"/>
  <testcase name="TestMergeSort" classname="CS648A.assignment1.AppTest" time="0.001"/>
  <testcase name="TestMergeSort" classname="CS648A.assignment1.AppTest" time="0"/>
  <testcase name="TestMergeSort" classname="CS648A.assignment1.AppTest" time="0"/>
  <testcase name="TestMergeSort" classname="CS648A.assignment1.AppTest" time="0"/>
  <testcase name="TestMergeSort" classname="CS648A.assignment1.AppTest" time="0"/>
  <testcase name="TestMergeSort" classname="CS648A.assignment1.AppTest" time="0"/>
  <testcase name="TestMergeSort" classname="CS648A.assignment1.AppTest" time="0.001"/>
  <testcase name="TestMergeSort" classname="CS648A.assignment1.AppTest" time="0.001"/>
  <testcase name="TestMergeSort" classname="CS648A.assignment1.AppTest" time="0.001"/>
  <testcase name="TestMergeSort" classname="CS648A.assignment1.AppTest" time="0"/>
  <testcase name="TestMergeSort" classname="CS648A.assignment1.AppTest" time="0"/>
  <testcase name="TestMergeSort" classname="CS648A.assignment1.AppTest" time="0"/>
  <testcase name="TestMergeSort" classname="CS648A.assignment1.AppTest" time="0.001"/>
  <testcase name="TestMergeSort" classname="CS648A.assignment1.AppTest" time="0.001"/>
  <testcase name="TestMergeSort" classname="CS648A.assignment1.AppTest" time="0.002"/>
  <testcase name="TestMergeSort" classname="CS648A.assignment1.AppTest" time="0"/>
  <testcase name="TestMergeSort" classname="CS648A.assignment1.AppTest" time="0"/>
  <testcase name="TestMergeSort" classname="CS648A.assignment1.AppTest" time="0"/>
  <testcase name="TestMergeSort" classname="CS648A.assignment1.AppTest" time="0.001"/>
  <testcase name="TestMergeSort" classname="CS648A.assignment1.AppTest" time="0.001"/>
  <testcase name="TestMergeSort" classname="CS648A.assignment1.AppTest" time="0"/>
  <testcase name="TestMergeSort" classname="CS648A.assignment1.AppTest" time="0"/>
  <testcase name="TestMergeSort" classname="CS648A.assignment1.AppTest" time="0"/>
  <testcase name="TestMergeSort" classname="CS648A.assignment1.AppTest" time="0.001"/>
  <testcase name="TestMergeSort" classname="CS648A.assignment1.AppTest" time="0.001"/>
  <testcase name="TestMergeSort" classname="CS648A.assignment1.AppTest" time="0.001"/>
  <testcase name="TestMergeSort" classname="CS648A.assignment1.AppTest" time="0"/>
  <testcase name="TestMergeSort" classname="CS648A.assignment1.AppTest" time="0.001"/>
  <testcase name="TestMergeSort" classname="CS648A.assignment1.AppTest" time="0.001"/>
  <testcase name="TestMergeSort" classname="CS648A.assignment1.AppTest" time="0.001"/>
  <testcase name="TestMergeSort" classname="CS648A.assignment1.AppTest" time="0.01"/>
  <testcase name="TestMergeSort" classname="CS648A.assignment1.AppTest" time="0"/>
  <testcase name="TestMergeSort" classname="CS648A.assignment1.AppTest" time="0"/>
  <testcase name="TestMergeSort" classname="CS648A.assignment1.AppTest" time="0"/>
  <testcase name="TestMergeSort" classname="CS648A.assignment1.AppTest" time="0"/>
  <testcase name="TestMergeSort" classname="CS648A.assignment1.AppTest" time="0"/>
  <testcase name="TestMergeSort" classname="CS648A.assignment1.AppTest" time="0"/>
  <testcase name="TestMergeSort" classname="CS648A.assignment1.AppTest" time="0"/>
  <testcase name="TestMergeSort" classname="CS648A.assignment1.AppTest" time="0"/>
  <testcase name="TestMergeSort" classname="CS648A.assignment1.AppTest" time="0.001"/>
  <testcase name="TestMergeSort" classname="CS648A.assignment1.AppTest" time="0.001"/>
  <testcase name="TestMergeSort" classname="CS648A.assignment1.AppTest" time="0.001"/>
  <testcase name="TestMergeSort" classname="CS648A.assignment1.AppTest" time="0"/>
  <testcase name="TestMergeSort" classname="CS648A.assignment1.AppTest" time="0"/>
  <testcase name="TestMergeSort" classname="CS648A.assignment1.AppTest" time="0"/>
  <testcase name="TestMergeSort" classname="CS648A.assignment1.AppTest" time="0.001"/>
  <testcase name="TestMergeSort" classname="CS648A.assignment1.AppTest" time="0.001"/>
  <testcase name="TestMergeSort" classname="CS648A.assignment1.AppTest" time="0.001"/>
  <testcase name="TestMergeSort" classname="CS648A.assignment1.AppTest" time="0.001"/>
  <testcase name="TestMergeSort" classname="CS648A.assignment1.AppTest" time="0"/>
  <testcase name="TestMergeSort" classname="CS648A.assignment1.AppTest" time="0"/>
  <testcase name="TestMergeSort" classname="CS648A.assignment1.AppTest" time="0"/>
  <testcase name="TestMergeSort" classname="CS648A.assignment1.AppTest" time="0.001"/>
  <testcase name="TestMergeSort" classname="CS648A.assignment1.AppTest" time="0"/>
  <testcase name="TestMergeSort" classname="CS648A.assignment1.AppTest" time="0"/>
  <testcase name="TestMergeSort" classname="CS648A.assignment1.AppTest" time="0"/>
  <testcase name="TestMergeSort" classname="CS648A.assignment1.AppTest" time="0"/>
  <testcase name="TestMergeSort" classname="CS648A.assignment1.AppTest" time="0.001"/>
  <testcase name="TestMergeSort" classname="CS648A.assignment1.AppTest" time="0.001"/>
  <testcase name="TestMergeSort" classname="CS648A.assignment1.AppTest" time="0"/>
  <testcase name="TestMergeSort" classname="CS648A.assignment1.AppTest" time="0"/>
  <testcase name="TestMergeSort" classname="CS648A.assignment1.AppTest" time="0"/>
  <testcase name="TestMergeSort" classname="CS648A.assignment1.AppTest" time="0.001"/>
  <testcase name="TestMergeSort" classname="CS648A.assignment1.AppTest" time="0"/>
  <testcase name="TestMergeSort" classname="CS648A.assignment1.AppTest" time="0"/>
  <testcase name="TestMergeSort" classname="CS648A.assignment1.AppTest" time="0.001"/>
  <testcase name="TestMergeSort" classname="CS648A.assignment1.AppTest" time="0.001"/>
  <testcase name="TestMergeSort" classname="CS648A.assignment1.AppTest" time="0.001"/>
  <testcase name="TestMergeSort" classname="CS648A.assignment1.AppTest" time="0.001"/>
  <testcase name="TestMergeSort" classname="CS648A.assignment1.AppTest" time="0"/>
  <testcase name="TestMergeSort" classname="CS648A.assignment1.AppTest" time="0"/>
  <testcase name="TestMergeSort" classname="CS648A.assignment1.AppTest" time="0"/>
  <testcase name="TestMergeSort" classname="CS648A.assignment1.AppTest" time="0"/>
  <testcase name="TestMergeSort" classname="CS648A.assignment1.AppTest" time="0"/>
  <testcase name="TestMergeSort" classname="CS648A.assignment1.AppTest" time="0"/>
  <testcase name="TestMergeSort" classname="CS648A.assignment1.AppTest" time="0.001"/>
  <testcase name="TestMergeSort" classname="CS648A.assignment1.AppTest" time="0.001"/>
  <testcase name="TestMergeSort" classname="CS648A.assignment1.AppTest" time="0"/>
  <testcase name="TestMergeSort" classname="CS648A.assignment1.AppTest" time="0"/>
  <testcase name="TestMergeSort" classname="CS648A.assignment1.AppTest" time="0.001"/>
  <testcase name="TestMergeSort" classname="CS648A.assignment1.AppTest" time="0"/>
  <testcase name="TestMergeSort" classname="CS648A.assignment1.AppTest" time="0"/>
  <testcase name="TestMergeSort" classname="CS648A.assignment1.AppTest" time="0.001"/>
  <testcase name="TestMergeSort" classname="CS648A.assignment1.AppTest" time="0"/>
  <testcase name="TestMergeSort" classname="CS648A.assignment1.AppTest" time="0"/>
  <testcase name="TestMergeSort" classname="CS648A.assignment1.AppTest" time="0.001"/>
  <testcase name="TestMergeSort" classname="CS648A.assignment1.AppTest" time="0"/>
  <testcase name="TestMergeSort" classname="CS648A.assignment1.AppTest" time="0"/>
  <testcase name="TestMergeSort" classname="CS648A.assignment1.AppTest" time="0"/>
  <testcase name="TestMergeSort" classname="CS648A.assignment1.AppTest" time="0"/>
  <testcase name="TestMergeSort" classname="CS648A.assignment1.AppTest" time="0.001"/>
  <testcase name="TestMergeSort" classname="CS648A.assignment1.AppTest" time="0"/>
  <testcase name="TestMergeSort" classname="CS648A.assignment1.AppTest" time="0"/>
  <testcase name="TestMergeSort" classname="CS648A.assignment1.AppTest" time="0"/>
  <testcase name="TestMergeSort" classname="CS648A.assignment1.AppTest" time="0.001"/>
  <testcase name="TestMergeSort" classname="CS648A.assignment1.AppTest" time="0"/>
  <testcase name="TestMergeSort" classname="CS648A.assignment1.AppTest" time="0"/>
  <testcase name="TestMergeSort" classname="CS648A.assignment1.AppTest" time="0"/>
  <testcase name="TestMergeSort" classname="CS648A.assignment1.AppTest" time="0.001"/>
  <testcase name="TestMergeSort" classname="CS648A.assignment1.AppTest" time="0"/>
  <testcase name="TestMergeSort" classname="CS648A.assignment1.AppTest" time="0"/>
  <testcase name="TestMergeSort" classname="CS648A.assignment1.AppTest" time="0"/>
  <testcase name="TestMergeSort" classname="CS648A.assignment1.AppTest" time="0.001"/>
  <testcase name="TestMergeSort" classname="CS648A.assignment1.AppTest" time="0.001"/>
  <testcase name="TestMergeSort" classname="CS648A.assignment1.AppTest" time="0"/>
  <testcase name="TestMergeSort" classname="CS648A.assignment1.AppTest" time="0"/>
  <testcase name="TestMergeSort" classname="CS648A.assignment1.AppTest" time="0"/>
  <testcase name="TestMergeSort" classname="CS648A.assignment1.AppTest" time="0"/>
  <testcase name="TestMergeSort" classname="CS648A.assignment1.AppTest" time="0.001"/>
  <testcase name="TestMergeSort" classname="CS648A.assignment1.AppTest" time="0.001"/>
  <testcase name="TestMergeSort" classname="CS648A.assignment1.AppTest" time="0"/>
  <testcase name="TestMergeSort" classname="CS648A.assignment1.AppTest" time="0"/>
  <testcase name="TestMergeSort" classname="CS648A.assignment1.AppTest" time="0"/>
  <testcase name="TestMergeSort" classname="CS648A.assignment1.AppTest" time="0.001"/>
  <testcase name="TestMergeSort" classname="CS648A.assignment1.AppTest" time="0"/>
  <testcase name="TestMergeSort" classname="CS648A.assignment1.AppTest" time="0"/>
  <testcase name="TestMergeSort" classname="CS648A.assignment1.AppTest" time="0"/>
  <testcase name="TestMergeSort" classname="CS648A.assignment1.AppTest" time="0.001"/>
  <testcase name="TestMergeSort" classname="CS648A.assignment1.AppTest" time="0.001"/>
  <testcase name="TestMergeSort" classname="CS648A.assignment1.AppTest" time="0"/>
  <testcase name="TestMergeSort" classname="CS648A.assignment1.AppTest" time="0"/>
  <testcase name="TestMergeSort" classname="CS648A.assignment1.AppTest" time="0"/>
  <testcase name="TestMergeSort" classname="CS648A.assignment1.AppTest" time="0.001"/>
  <testcase name="TestMergeSort" classname="CS648A.assignment1.AppTest" time="0.001"/>
  <testcase name="TestMergeSort" classname="CS648A.assignment1.AppTest" time="0"/>
  <testcase name="TestMergeSort" classname="CS648A.assignment1.AppTest" time="0"/>
  <testcase name="TestMergeSort" classname="CS648A.assignment1.AppTest" time="0"/>
  <testcase name="TestMergeSort" classname="CS648A.assignment1.AppTest" time="0.001"/>
  <testcase name="TestMergeSort" classname="CS648A.assignment1.AppTest" time="0"/>
  <testcase name="TestMergeSort" classname="CS648A.assignment1.AppTest" time="0"/>
  <testcase name="TestMergeSort" classname="CS648A.assignment1.AppTest" time="0.001"/>
  <testcase name="TestMergeSort" classname="CS648A.assignment1.AppTest" time="0"/>
  <testcase name="TestMergeSort" classname="CS648A.assignment1.AppTest" time="0"/>
  <testcase name="TestMergeSort" classname="CS648A.assignment1.AppTest" time="0"/>
  <testcase name="TestMergeSort" classname="CS648A.assignment1.AppTest" time="0.001"/>
  <testcase name="TestMergeSort" classname="CS648A.assignment1.AppTest" time="0"/>
  <testcase name="TestMergeSort" classname="CS648A.assignment1.AppTest" time="0"/>
  <testcase name="TestMergeSort" classname="CS648A.assignment1.AppTest" time="0.001"/>
  <testcase name="TestMergeSort" classname="CS648A.assignment1.AppTest" time="0"/>
  <testcase name="TestMergeSort" classname="CS648A.assignment1.AppTest" time="0"/>
  <testcase name="TestMergeSort" classname="CS648A.assignment1.AppTest" time="0.001"/>
  <testcase name="TestMergeSort" classname="CS648A.assignment1.AppTest" time="0"/>
  <testcase name="TestMergeSort" classname="CS648A.assignment1.AppTest" time="0"/>
  <testcase name="TestMergeSort" classname="CS648A.assignment1.AppTest" time="0.001"/>
  <testcase name="TestMergeSort" classname="CS648A.assignment1.AppTest" time="0"/>
  <testcase name="TestMergeSort" classname="CS648A.assignment1.AppTest" time="0"/>
  <testcase name="TestMergeSort" classname="CS648A.assignment1.AppTest" time="0.001"/>
  <testcase name="TestMergeSort" classname="CS648A.assignment1.AppTest" time="0"/>
  <testcase name="TestMergeSort" classname="CS648A.assignment1.AppTest" time="0"/>
  <testcase name="TestMergeSort" classname="CS648A.assignment1.AppTest" time="0.001"/>
  <testcase name="TestMergeSort" classname="CS648A.assignment1.AppTest" time="0"/>
  <testcase name="TestMergeSort" classname="CS648A.assignment1.AppTest" time="0"/>
  <testcase name="TestMergeSort" classname="CS648A.assignment1.AppTest" time="0.001"/>
  <testcase name="TestMergeSort" classname="CS648A.assignment1.AppTest" time="0"/>
  <testcase name="TestMergeSort" classname="CS648A.assignment1.AppTest" time="0"/>
  <testcase name="TestMergeSort" classname="CS648A.assignment1.AppTest" time="0"/>
  <testcase name="TestMergeSort" classname="CS648A.assignment1.AppTest" time="0"/>
  <testcase name="TestMergeSort" classname="CS648A.assignment1.AppTest" time="0.001"/>
  <testcase name="TestMergeSort" classname="CS648A.assignment1.AppTest" time="0"/>
  <testcase name="TestMergeSort" classname="CS648A.assignment1.AppTest" time="0"/>
  <testcase name="TestMergeSort" classname="CS648A.assignment1.AppTest" time="0.001"/>
  <testcase name="TestMergeSort" classname="CS648A.assignment1.AppTest" time="0"/>
  <testcase name="TestMergeSort" classname="CS648A.assignment1.AppTest" time="0"/>
  <testcase name="TestMergeSort" classname="CS648A.assignment1.AppTest" time="0.001"/>
  <testcase name="TestMergeSort" classname="CS648A.assignment1.AppTest" time="0"/>
  <testcase name="TestMergeSort" classname="CS648A.assignment1.AppTest" time="0"/>
  <testcase name="TestMergeSort" classname="CS648A.assignment1.AppTest" time="0.001"/>
  <testcase name="TestMergeSort" classname="CS648A.assignment1.AppTest" time="0"/>
  <testcase name="TestMergeSort" classname="CS648A.assignment1.AppTest" time="0"/>
  <testcase name="TestMergeSort" classname="CS648A.assignment1.AppTest" time="0.001"/>
  <testcase name="TestMergeSort" classname="CS648A.assignment1.AppTest" time="0"/>
  <testcase name="TestMergeSort" classname="CS648A.assignment1.AppTest" time="0"/>
  <testcase name="TestMergeSort" classname="CS648A.assignment1.AppTest" time="0.001"/>
  <testcase name="TestMergeSort" classname="CS648A.assignment1.AppTest" time="0"/>
  <testcase name="TestMergeSort" classname="CS648A.assignment1.AppTest" time="0"/>
  <testcase name="TestMergeSort" classname="CS648A.assignment1.AppTest" time="0.001"/>
  <testcase name="TestMergeSort" classname="CS648A.assignment1.AppTest" time="0"/>
  <testcase name="TestMergeSort" classname="CS648A.assignment1.AppTest" time="0"/>
  <testcase name="TestMergeSort" classname="CS648A.assignment1.AppTest" time="0.001"/>
  <testcase name="TestMergeSort" classname="CS648A.assignment1.AppTest" time="0"/>
  <testcase name="TestMergeSort" classname="CS648A.assignment1.AppTest" time="0"/>
  <testcase name="TestMergeSort" classname="CS648A.assignment1.AppTest" time="0.001"/>
  <testcase name="TestMergeSort" classname="CS648A.assignment1.AppTest" time="0"/>
  <testcase name="TestMergeSort" classname="CS648A.assignment1.AppTest" time="0"/>
  <testcase name="TestMergeSort" classname="CS648A.assignment1.AppTest" time="0"/>
  <testcase name="TestMergeSort" classname="CS648A.assignment1.AppTest" time="0.001"/>
  <testcase name="TestMergeSort" classname="CS648A.assignment1.AppTest" time="0"/>
  <testcase name="TestMergeSort" classname="CS648A.assignment1.AppTest" time="0"/>
  <testcase name="TestMergeSort" classname="CS648A.assignment1.AppTest" time="0.001"/>
  <testcase name="TestMergeSort" classname="CS648A.assignment1.AppTest" time="0.001"/>
  <testcase name="TestMergeSort" classname="CS648A.assignment1.AppTest" time="0"/>
  <testcase name="TestMergeSort" classname="CS648A.assignment1.AppTest" time="0"/>
  <testcase name="TestMergeSort" classname="CS648A.assignment1.AppTest" time="0.001"/>
  <testcase name="TestMergeSort" classname="CS648A.assignment1.AppTest" time="0.001"/>
  <testcase name="TestMergeSort" classname="CS648A.assignment1.AppTest" time="0.001"/>
  <testcase name="TestMergeSort" classname="CS648A.assignment1.AppTest" time="0.001"/>
  <testcase name="TestMergeSort" classname="CS648A.assignment1.AppTest" time="0.001"/>
  <testcase name="TestMergeSort" classname="CS648A.assignment1.AppTest" time="0.001"/>
  <testcase name="TestMergeSort" classname="CS648A.assignment1.AppTest" time="0"/>
  <testcase name="TestMergeSort" classname="CS648A.assignment1.AppTest" time="0"/>
  <testcase name="TestMergeSort" classname="CS648A.assignment1.AppTest" time="0"/>
  <testcase name="TestMergeSort" classname="CS648A.assignment1.AppTest" time="0"/>
  <testcase name="TestMergeSort" classname="CS648A.assignment1.AppTest" time="0"/>
  <testcase name="TestMergeSort" classname="CS648A.assignment1.AppTest" time="0"/>
  <testcase name="TestMergeSort" classname="CS648A.assignment1.AppTest" time="0"/>
  <testcase name="TestMergeSort" classname="CS648A.assignment1.AppTest" time="0"/>
  <testcase name="TestMergeSort" classname="CS648A.assignment1.AppTest" time="0"/>
  <testcase name="TestMergeSort" classname="CS648A.assignment1.AppTest" time="0"/>
  <testcase name="TestMergeSort" classname="CS648A.assignment1.AppTest" time="0"/>
  <testcase name="TestMergeSort" classname="CS648A.assignment1.AppTest" time="0"/>
  <testcase name="TestMergeSort" classname="CS648A.assignment1.AppTest" time="0.001"/>
  <testcase name="TestMergeSort" classname="CS648A.assignment1.AppTest" time="0"/>
  <testcase name="TestMergeSort" classname="CS648A.assignment1.AppTest" time="0"/>
  <testcase name="TestMergeSort" classname="CS648A.assignment1.AppTest" time="0"/>
  <testcase name="TestMergeSort" classname="CS648A.assignment1.AppTest" time="0.001"/>
  <testcase name="TestMergeSort" classname="CS648A.assignment1.AppTest" time="0"/>
  <testcase name="TestMergeSort" classname="CS648A.assignment1.AppTest" time="0"/>
  <testcase name="TestMergeSort" classname="CS648A.assignment1.AppTest" time="0.001"/>
  <testcase name="TestMergeSort" classname="CS648A.assignment1.AppTest" time="0"/>
  <testcase name="TestMergeSort" classname="CS648A.assignment1.AppTest" time="0"/>
  <testcase name="TestMergeSort" classname="CS648A.assignment1.AppTest" time="0"/>
  <testcase name="TestMergeSort" classname="CS648A.assignment1.AppTest" time="0.001"/>
  <testcase name="TestMergeSort" classname="CS648A.assignment1.AppTest" time="0"/>
  <testcase name="TestMergeSort" classname="CS648A.assignment1.AppTest" time="0"/>
  <testcase name="TestMergeSort" classname="CS648A.assignment1.AppTest" time="0.001"/>
  <testcase name="TestMergeSort" classname="CS648A.assignment1.AppTest" time="0"/>
  <testcase name="TestMergeSort" classname="CS648A.assignment1.AppTest" time="0"/>
  <testcase name="TestMergeSort" classname="CS648A.assignment1.AppTest" time="0.001"/>
  <testcase name="TestMergeSort" classname="CS648A.assignment1.AppTest" time="0"/>
  <testcase name="TestMergeSort" classname="CS648A.assignment1.AppTest" time="0"/>
  <testcase name="TestMergeSort" classname="CS648A.assignment1.AppTest" time="0.001"/>
  <testcase name="TestMergeSort" classname="CS648A.assignment1.AppTest" time="0"/>
  <testcase name="TestMergeSort" classname="CS648A.assignment1.AppTest" time="0"/>
  <testcase name="TestMergeSort" classname="CS648A.assignment1.AppTest" time="0.001"/>
  <testcase name="TestMergeSort" classname="CS648A.assignment1.AppTest" time="0"/>
  <testcase name="TestMergeSort" classname="CS648A.assignment1.AppTest" time="0"/>
  <testcase name="TestMergeSort" classname="CS648A.assignment1.AppTest" time="0.001"/>
  <testcase name="TestMergeSort" classname="CS648A.assignment1.AppTest" time="0"/>
  <testcase name="TestMergeSort" classname="CS648A.assignment1.AppTest" time="0"/>
  <testcase name="TestMergeSort" classname="CS648A.assignment1.AppTest" time="0"/>
  <testcase name="TestMergeSort" classname="CS648A.assignment1.AppTest" time="0.001"/>
  <testcase name="TestMergeSort" classname="CS648A.assignment1.AppTest" time="0"/>
  <testcase name="TestMergeSort" classname="CS648A.assignment1.AppTest" time="0"/>
  <testcase name="TestMergeSort" classname="CS648A.assignment1.AppTest" time="0.001"/>
  <testcase name="TestMergeSort" classname="CS648A.assignment1.AppTest" time="0"/>
  <testcase name="TestMergeSort" classname="CS648A.assignment1.AppTest" time="0"/>
  <testcase name="TestMergeSort" classname="CS648A.assignment1.AppTest" time="0.001"/>
  <testcase name="TestMergeSort" classname="CS648A.assignment1.AppTest" time="0"/>
  <testcase name="TestMergeSort" classname="CS648A.assignment1.AppTest" time="0"/>
  <testcase name="TestMergeSort" classname="CS648A.assignment1.AppTest" time="0.001"/>
  <testcase name="TestMergeSort" classname="CS648A.assignment1.AppTest" time="0.001"/>
  <testcase name="TestMergeSort" classname="CS648A.assignment1.AppTest" time="0"/>
  <testcase name="TestMergeSort" classname="CS648A.assignment1.AppTest" time="0"/>
  <testcase name="TestMergeSort" classname="CS648A.assignment1.AppTest" time="0.001"/>
  <testcase name="TestMergeSort" classname="CS648A.assignment1.AppTest" time="0"/>
  <testcase name="TestMergeSort" classname="CS648A.assignment1.AppTest" time="0"/>
  <testcase name="TestMergeSort" classname="CS648A.assignment1.AppTest" time="0.001"/>
  <testcase name="TestMergeSort" classname="CS648A.assignment1.AppTest" time="0"/>
  <testcase name="TestMergeSort" classname="CS648A.assignment1.AppTest" time="0"/>
  <testcase name="TestMergeSort" classname="CS648A.assignment1.AppTest" time="0"/>
  <testcase name="TestMergeSort" classname="CS648A.assignment1.AppTest" time="0.001"/>
  <testcase name="TestMergeSort" classname="CS648A.assignment1.AppTest" time="0"/>
  <testcase name="TestMergeSort" classname="CS648A.assignment1.AppTest" time="0"/>
  <testcase name="TestMergeSort" classname="CS648A.assignment1.AppTest" time="0.001"/>
  <testcase name="TestMergeSort" classname="CS648A.assignment1.AppTest" time="0"/>
  <testcase name="TestMergeSort" classname="CS648A.assignment1.AppTest" time="0"/>
  <testcase name="TestMergeSort" classname="CS648A.assignment1.AppTest" time="0.001"/>
  <testcase name="TestMergeSort" classname="CS648A.assignment1.AppTest" time="0"/>
  <testcase name="TestMergeSort" classname="CS648A.assignment1.AppTest" time="0"/>
  <testcase name="TestMergeSort" classname="CS648A.assignment1.AppTest" time="0.001"/>
  <testcase name="TestMergeSort" classname="CS648A.assignment1.AppTest" time="0.001"/>
  <testcase name="TestMergeSort" classname="CS648A.assignment1.AppTest" time="0"/>
  <testcase name="TestMergeSort" classname="CS648A.assignment1.AppTest" time="0"/>
  <testcase name="TestMergeSort" classname="CS648A.assignment1.AppTest" time="0.001"/>
  <testcase name="TestMergeSort" classname="CS648A.assignment1.AppTest" time="0"/>
  <testcase name="TestMergeSort" classname="CS648A.assignment1.AppTest" time="0"/>
  <testcase name="TestMergeSort" classname="CS648A.assignment1.AppTest" time="0.001"/>
  <testcase name="TestMergeSort" classname="CS648A.assignment1.AppTest" time="0"/>
  <testcase name="TestMergeSort" classname="CS648A.assignment1.AppTest" time="0"/>
  <testcase name="TestMergeSort" classname="CS648A.assignment1.AppTest" time="0.001"/>
  <testcase name="TestMergeSort" classname="CS648A.assignment1.AppTest" time="0.001"/>
  <testcase name="TestMergeSort" classname="CS648A.assignment1.AppTest" time="0"/>
  <testcase name="TestMergeSort" classname="CS648A.assignment1.AppTest" time="0"/>
  <testcase name="TestMergeSort" classname="CS648A.assignment1.AppTest" time="0.001"/>
  <testcase name="TestMergeSort" classname="CS648A.assignment1.AppTest" time="0"/>
  <testcase name="TestMergeSort" classname="CS648A.assignment1.AppTest" time="0"/>
  <testcase name="TestMergeSort" classname="CS648A.assignment1.AppTest" time="0.001"/>
  <testcase name="TestMergeSort" classname="CS648A.assignment1.AppTest" time="0.001"/>
  <testcase name="TestMergeSort" classname="CS648A.assignment1.AppTest" time="0.001"/>
  <testcase name="TestMergeSort" classname="CS648A.assignment1.AppTest" time="0.001"/>
  <testcase name="TestMergeSort" classname="CS648A.assignment1.AppTest" time="0.001"/>
  <testcase name="TestMergeSort" classname="CS648A.assignment1.AppTest" time="0.001"/>
  <testcase name="TestMergeSort" classname="CS648A.assignment1.AppTest" time="0.001"/>
  <testcase name="TestMergeSort" classname="CS648A.assignment1.AppTest" time="0"/>
  <testcase name="TestMergeSort" classname="CS648A.assignment1.AppTest" time="0"/>
  <testcase name="TestMergeSort" classname="CS648A.assignment1.AppTest" time="0"/>
  <testcase name="TestMergeSort" classname="CS648A.assignment1.AppTest" time="0.001"/>
  <testcase name="TestMergeSort" classname="CS648A.assignment1.AppTest" time="0.001"/>
  <testcase name="TestMergeSort" classname="CS648A.assignment1.AppTest" time="0"/>
  <testcase name="TestMergeSort" classname="CS648A.assignment1.AppTest" time="0"/>
  <testcase name="TestMergeSort" classname="CS648A.assignment1.AppTest" time="0.001"/>
  <testcase name="TestMergeSort" classname="CS648A.assignment1.AppTest" time="0"/>
  <testcase name="TestMergeSort" classname="CS648A.assignment1.AppTest" time="0"/>
  <testcase name="TestMergeSort" classname="CS648A.assignment1.AppTest" time="0"/>
  <testcase name="TestMergeSort" classname="CS648A.assignment1.AppTest" time="0.001"/>
  <testcase name="TestMergeSort" classname="CS648A.assignment1.AppTest" time="0"/>
  <testcase name="TestMergeSort" classname="CS648A.assignment1.AppTest" time="0"/>
  <testcase name="TestMergeSort" classname="CS648A.assignment1.AppTest" time="0"/>
  <testcase name="TestMergeSort" classname="CS648A.assignment1.AppTest" time="0.001"/>
  <testcase name="TestMergeSort" classname="CS648A.assignment1.AppTest" time="0"/>
  <testcase name="TestMergeSort" classname="CS648A.assignment1.AppTest" time="0"/>
  <testcase name="TestMergeSort" classname="CS648A.assignment1.AppTest" time="0.001"/>
  <testcase name="TestMergeSort" classname="CS648A.assignment1.AppTest" time="0"/>
  <testcase name="TestMergeSort" classname="CS648A.assignment1.AppTest" time="0"/>
  <testcase name="TestMergeSort" classname="CS648A.assignment1.AppTest" time="0"/>
  <testcase name="TestMergeSort" classname="CS648A.assignment1.AppTest" time="0.001"/>
  <testcase name="TestMergeSort" classname="CS648A.assignment1.AppTest" time="0"/>
  <testcase name="TestMergeSort" classname="CS648A.assignment1.AppTest" time="0"/>
  <testcase name="TestMergeSort" classname="CS648A.assignment1.AppTest" time="0.001"/>
  <testcase name="TestMergeSort" classname="CS648A.assignment1.AppTest" time="0"/>
  <testcase name="TestMergeSort" classname="CS648A.assignment1.AppTest" time="0"/>
  <testcase name="TestMergeSort" classname="CS648A.assignment1.AppTest" time="0.001"/>
  <testcase name="TestMergeSort" classname="CS648A.assignment1.AppTest" time="0"/>
  <testcase name="TestMergeSort" classname="CS648A.assignment1.AppTest" time="0"/>
  <testcase name="TestMergeSort" classname="CS648A.assignment1.AppTest" time="0.001"/>
  <testcase name="TestMergeSort" classname="CS648A.assignment1.AppTest" time="0.001"/>
  <testcase name="TestMergeSort" classname="CS648A.assignment1.AppTest" time="0"/>
  <testcase name="TestMergeSort" classname="CS648A.assignment1.AppTest" time="0.001"/>
  <testcase name="TestMergeSort" classname="CS648A.assignment1.AppTest" time="0"/>
  <testcase name="TestMergeSort" classname="CS648A.assignment1.AppTest" time="0.001"/>
  <testcase name="TestMergeSort" classname="CS648A.assignment1.AppTest" time="0"/>
  <testcase name="TestMergeSort" classname="CS648A.assignment1.AppTest" time="0"/>
[...]
  <testcase name="TestPlainQuickSort" classname="CS648A.assignment1.AppTest" time="0.001"/>
  <testcase name="TestPlainQuickSort" classname="CS648A.assignment1.AppTest" time="0"/>
  <testcase name="TestPlainQuickSort" classname="CS648A.assignment1.AppTest" time="0"/>
  <testcase name="TestPlainQuickSort" classname="CS648A.assignment1.AppTest" time="0"/>
  <testcase name="TestPlainQuickSort" classname="CS648A.assignment1.AppTest" time="0"/>
  <testcase name="TestPlainQuickSort" classname="CS648A.assignment1.AppTest" time="0.001"/>
  <testcase name="TestPlainQuickSort" classname="CS648A.assignment1.AppTest" time="0.001"/>
  <testcase name="TestPlainQuickSort" classname="CS648A.assignment1.AppTest" time="0.001"/>
  <testcase name="TestPlainQuickSort" classname="CS648A.assignment1.AppTest" time="0.001"/>
  <testcase name="TestPlainQuickSort" classname="CS648A.assignment1.AppTest" time="0"/>
  <testcase name="TestPlainQuickSort" classname="CS648A.assignment1.AppTest" time="0"/>
  <testcase name="TestPlainQuickSort" classname="CS648A.assignment1.AppTest" time="0"/>
  <testcase name="TestPlainQuickSort" classname="CS648A.assignment1.AppTest" time="0"/>
  <testcase name="TestPlainQuickSort" classname="CS648A.assignment1.AppTest" time="0.001"/>
  <testcase name="TestPlainQuickSort" classname="CS648A.assignment1.AppTest" time="0.001"/>
  <testcase name="TestPlainQuickSort" classname="CS648A.assignment1.AppTest" time="0.001"/>
  <testcase name="TestPlainQuickSort" classname="CS648A.assignment1.AppTest" time="0"/>
  <testcase name="TestPlainQuickSort" classname="CS648A.assignment1.AppTest" time="0"/>
  <testcase name="TestPlainQuickSort" classname="CS648A.assignment1.AppTest" time="0.001"/>
  <testcase name="TestPlainQuickSort" classname="CS648A.assignment1.AppTest" time="0.001"/>
  <testcase name="TestPlainQuickSort" classname="CS648A.assignment1.AppTest" time="0.001"/>
  <testcase name="TestPlainQuickSort" classname="CS648A.assignment1.AppTest" time="0"/>
  <testcase name="TestPlainQuickSort" classname="CS648A.assignment1.AppTest" time="0"/>
  <testcase name="TestPlainQuickSort" classname="CS648A.assignment1.AppTest" time="0"/>
  <testcase name="TestPlainQuickSort" classname="CS648A.assignment1.AppTest" time="0.001"/>
  <testcase name="TestPlainQuickSort" classname="CS648A.assignment1.AppTest" time="0.001"/>
  <testcase name="TestPlainQuickSort" classname="CS648A.assignment1.AppTest" time="0"/>
  <testcase name="TestPlainQuickSort" classname="CS648A.assignment1.AppTest" time="0"/>
  <testcase name="TestPlainQuickSort" classname="CS648A.assignment1.AppTest" time="0.001"/>
  <testcase name="TestPlainQuickSort" classname="CS648A.assignment1.AppTest" time="0.001"/>
  <testcase name="TestPlainQuickSort" classname="CS648A.assignment1.AppTest" time="0.001"/>
  <testcase name="TestPlainQuickSort" classname="CS648A.assignment1.AppTest" time="0"/>
  <testcase name="TestPlainQuickSort" classname="CS648A.assignment1.AppTest" time="0"/>
  <testcase name="TestPlainQuickSort" classname="CS648A.assignment1.AppTest" time="0.001"/>
  <testcase name="TestPlainQuickSort" classname="CS648A.assignment1.AppTest" time="0.001"/>
  <testcase name="TestPlainQuickSort" classname="CS648A.assignment1.AppTest" time="0.001"/>
  <testcase name="TestPlainQuickSort" classname="CS648A.assignment1.AppTest" time="0.001"/>
  <testcase name="TestPlainQuickSort" classname="CS648A.assignment1.AppTest" time="0.001"/>
  <testcase name="TestPlainQuickSort" classname="CS648A.assignment1.AppTest" time="0"/>
  <testcase name="TestPlainQuickSort" classname="CS648A.assignment1.AppTest" time="0.001"/>
  <testcase name="TestPlainQuickSort" classname="CS648A.assignment1.AppTest" time="0"/>
  <testcase name="TestPlainQuickSort" classname="CS648A.assignment1.AppTest" time="0"/>
  <testcase name="TestPlainQuickSort" classname="CS648A.assignment1.AppTest" time="0.001"/>
  <testcase name="TestPlainQuickSort" classname="CS648A.assignment1.AppTest" time="0"/>
  <testcase name="TestPlainQuickSort" classname="CS648A.assignment1.AppTest" time="0"/>
  <testcase name="TestPlainQuickSort" classname="CS648A.assignment1.AppTest" time="0.001"/>
  <testcase name="TestPlainQuickSort" classname="CS648A.assignment1.AppTest" time="0"/>
  <testcase name="TestPlainQuickSort" classname="CS648A.assignment1.AppTest" time="0"/>
  <testcase name="TestPlainQuickSort" classname="CS648A.assignment1.AppTest" time="0.001"/>
  <testcase name="TestPlainQuickSort" classname="CS648A.assignment1.AppTest" time="0"/>
  <testcase name="TestPlainQuickSort" classname="CS648A.assignment1.AppTest" time="0.001"/>
  <testcase name="TestPlainQuickSort" classname="CS648A.assignment1.AppTest" time="0"/>
  <testcase name="TestPlainQuickSort" classname="CS648A.assignment1.AppTest" time="0"/>
  <testcase name="TestPlainQuickSort" classname="CS648A.assignment1.AppTest" time="0.001"/>
  <testcase name="TestPlainQuickSort" classname="CS648A.assignment1.AppTest" time="0.001"/>
  <testcase name="TestPlainQuickSort" classname="CS648A.assignment1.AppTest" time="0"/>
  <testcase name="TestPlainQuickSort" classname="CS648A.assignment1.AppTest" time="0.001"/>
  <testcase name="TestPlainQuickSort" classname="CS648A.assignment1.AppTest" time="0.001"/>
  <testcase name="TestPlainQuickSort" classname="CS648A.assignment1.AppTest" time="0"/>
  <testcase name="TestPlainQuickSort" classname="CS648A.assignment1.AppTest" time="0"/>
  <testcase name="TestPlainQuickSort" classname="CS648A.assignment1.AppTest" time="0.001"/>
  <testcase name="TestPlainQuickSort" classname="CS648A.assignment1.AppTest" time="0.001"/>
  <testcase name="TestPlainQuickSort" classname="CS648A.assignment1.AppTest" time="0"/>
  <testcase name="TestPlainQuickSort" classname="CS648A.assignment1.AppTest" time="0"/>
  <testcase name="TestPlainQuickSort" classname="CS648A.assignment1.AppTest" time="0.001"/>
  <testcase name="TestPlainQuickSort" classname="CS648A.assignment1.AppTest" time="0"/>
  <testcase name="TestPlainQuickSort" classname="CS648A.assignment1.AppTest" time="0"/>
  <testcase name="TestPlainQuickSort" classname="CS648A.assignment1.AppTest" time="0"/>
  <testcase name="TestPlainQuickSort" classname="CS648A.assignment1.AppTest" time="0.001"/>
  <testcase name="TestPlainQuickSort" classname="CS648A.assignment1.AppTest" time="0"/>
  <testcase name="TestPlainQuickSort" classname="CS648A.assignment1.AppTest" time="0"/>
  <testcase name="TestPlainQuickSort" classname="CS648A.assignment1.AppTest" time="0.001"/>
  <testcase name="TestPlainQuickSort" classname="CS648A.assignment1.AppTest" time="0"/>
  <testcase name="TestPlainQuickSort" classname="CS648A.assignment1.AppTest" time="0"/>
  <testcase name="TestPlainQuickSort" classname="CS648A.assignment1.AppTest" time="0.001"/>
  <testcase name="TestPlainQuickSort" classname="CS648A.assignment1.AppTest" time="0"/>
  <testcase name="TestPlainQuickSort" classname="CS648A.assignment1.AppTest" time="0"/>
  <testcase name="TestPlainQuickSort" classname="CS648A.assignment1.AppTest" time="0.001"/>
  <testcase name="TestPlainQuickSort" classname="CS648A.assignment1.AppTest" time="0"/>
  <testcase name="TestPlainQuickSort" classname="CS648A.assignment1.AppTest" time="0"/>
  <testcase name="TestPlainQuickSort" classname="CS648A.assignment1.AppTest" time="0.001"/>
  <testcase name="TestPlainQuickSort" classname="CS648A.assignment1.AppTest" time="0.001"/>
  <testcase name="TestPlainQuickSort" classname="CS648A.assignment1.AppTest" time="0"/>
  <testcase name="TestPlainQuickSort" classname="CS648A.assignment1.AppTest" time="0"/>
  <testcase name="TestPlainQuickSort" classname="CS648A.assignment1.AppTest" time="0"/>
  <testcase name="TestPlainQuickSort" classname="CS648A.assignment1.AppTest" time="0.001"/>
  <testcase name="TestPlainQuickSort" classname="CS648A.assignment1.AppTest" time="0.001"/>
  <testcase name="TestPlainQuickSort" classname="CS648A.assignment1.AppTest" time="0.001"/>
  <testcase name="TestPlainQuickSort" classname="CS648A.assignment1.AppTest" time="0"/>
  <testcase name="TestPlainQuickSort" classname="CS648A.assignment1.AppTest" time="0"/>
  <testcase name="TestPlainQuickSort" classname="CS648A.assignment1.AppTest" time="0.001"/>
  <testcase name="TestPlainQuickSort" classname="CS648A.assignment1.AppTest" time="0.001"/>
  <testcase name="TestPlainQuickSort" classname="CS648A.assignment1.AppTest" time="0"/>
  <testcase name="TestPlainQuickSort" classname="CS648A.assignment1.AppTest" time="0"/>
  <testcase name="TestPlainQuickSort" classname="CS648A.assignment1.AppTest" time="0"/>
  <testcase name="TestPlainQuickSort" classname="CS648A.assignment1.AppTest" time="0.001"/>
  <testcase name="TestPlainQuickSort" classname="CS648A.assignment1.AppTest" time="0"/>
  <testcase name="TestPlainQuickSort" classname="CS648A.assignment1.AppTest" time="0"/>
  <testcase name="TestPlainQuickSort" classname="CS648A.assignment1.AppTest" time="0"/>
  <testcase name="TestPlainQuickSort" classname="CS648A.assignment1.AppTest" time="0.001"/>
  <testcase name="TestPlainQuickSort" classname="CS648A.assignment1.AppTest" time="0.001"/>
  <testcase name="TestPlainQuickSort" classname="CS648A.assignment1.AppTest" time="0"/>
  <testcase name="TestPlainQuickSort" classname="CS648A.assignment1.AppTest" time="0"/>
  <testcase name="TestPlainQuickSort" classname="CS648A.assignment1.AppTest" time="0.001"/>
  <testcase name="TestPlainQuickSort" classname="CS648A.assignment1.AppTest" time="0.001"/>
  <testcase name="TestPlainQuickSort" classname="CS648A.assignment1.AppTest" time="0"/>
  <testcase name="TestPlainQuickSort" classname="CS648A.assignment1.AppTest" time="0"/>
  <testcase name="TestPlainQuickSort" classname="CS648A.assignment1.AppTest" time="0"/>
  <testcase name="TestPlainQuickSort" classname="CS648A.assignment1.AppTest" time="0"/>
  <testcase name="TestPlainQuickSort" classname="CS648A.assignment1.AppTest" time="0.001"/>
  <testcase name="TestPlainQuickSort" classname="CS648A.assignment1.AppTest" time="0.001"/>
  <testcase name="TestPlainQuickSort" classname="CS648A.assignment1.AppTest" time="0"/>
  <testcase name="TestPlainQuickSort" classname="CS648A.assignment1.AppTest" time="0"/>
  <testcase name="TestPlainQuickSort" classname="CS648A.assignment1.AppTest" time="0"/>
  <testcase name="TestPlainQuickSort" classname="CS648A.assignment1.AppTest" time="0.001"/>
  <testcase name="TestPlainQuickSort" classname="CS648A.assignment1.AppTest" time="0.001"/>
  <testcase name="TestPlainQuickSort" classname="CS648A.assignment1.AppTest" time="0.001"/>
  <testcase name="TestPlainQuickSort" classname="CS648A.assignment1.AppTest" time="0"/>
  <testcase name="TestPlainQuickSort" classname="CS648A.assignment1.AppTest" time="0"/>
  <testcase name="TestPlainQuickSort" classname="CS648A.assignment1.AppTest" time="0"/>
  <testcase name="TestPlainQuickSort" classname="CS648A.assignment1.AppTest" time="0.001"/>
  <testcase name="TestPlainQuickSort" classname="CS648A.assignment1.AppTest" time="0.001"/>
  <testcase name="TestPlainQuickSort" classname="CS648A.assignment1.AppTest" time="0.001"/>
  <testcase name="TestPlainQuickSort" classname="CS648A.assignment1.AppTest" time="0.001"/>
  <testcase name="TestPlainQuickSort" classname="CS648A.assignment1.AppTest" time="0.001"/>
  <testcase name="TestPlainQuickSort" classname="CS648A.assignment1.AppTest" time="0.001"/>
  <testcase name="TestPlainQuickSort" classname="CS648A.assignment1.AppTest" time="0.001"/>
  <testcase name="TestPlainQuickSort" classname="CS648A.assignment1.AppTest" time="0.001"/>
  <testcase name="TestPlainQuickSort" classname="CS648A.assignment1.AppTest" time="0"/>
  <testcase name="TestPlainQuickSort" classname="CS648A.assignment1.AppTest" time="0"/>
  <testcase name="TestPlainQuickSort" classname="CS648A.assignment1.AppTest" time="0"/>
  <testcase name="TestPlainQuickSort" classname="CS648A.assignment1.AppTest" time="0.001"/>
  <testcase name="TestPlainQuickSort" classname="CS648A.assignment1.AppTest" time="0.001"/>
  <testcase name="TestPlainQuickSort" classname="CS648A.assignment1.AppTest" time="0.001"/>
  <testcase name="TestPlainQuickSort" classname="CS648A.assignment1.AppTest" time="0.001"/>
  <testcase name="TestPlainQuickSort" classname="CS648A.assignment1.AppTest" time="0"/>
  <testcase name="TestPlainQuickSort" classname="CS648A.assignment1.AppTest" time="0"/>
  <testcase name="TestPlainQuickSort" classname="CS648A.assignment1.AppTest" time="0"/>
  <testcase name="TestPlainQuickSort" classname="CS648A.assignment1.AppTest" time="0"/>
  <testcase name="TestPlainQuickSort" classname="CS648A.assignment1.AppTest" time="0.001"/>
  <testcase name="TestPlainQuickSort" classname="CS648A.assignment1.AppTest" time="0"/>
  <testcase name="TestPlainQuickSort" classname="CS648A.assignment1.AppTest" time="0.001"/>
  <testcase name="TestPlainQuickSort" classname="CS648A.assignment1.AppTest" time="0"/>
  <testcase name="TestPlainQuickSort" classname="CS648A.assignment1.AppTest" time="0"/>
  <testcase name="TestPlainQuickSort" classname="CS648A.assignment1.AppTest" time="0"/>
  <testcase name="TestPlainQuickSort" classname="CS648A.assignment1.AppTest" time="0"/>
  <testcase name="TestPlainQuickSort" classname="CS648A.assignment1.AppTest" time="0"/>
  <testcase name="TestPlainQuickSort" classname="CS648A.assignment1.AppTest" time="0"/>
  <testcase name="TestPlainQuickSort" classname="CS648A.assignment1.AppTest" time="0"/>
  <testcase name="TestPlainQuickSort" classname="CS648A.assignment1.AppTest" time="0"/>
  <testcase name="TestPlainQuickSort" classname="CS648A.assignment1.AppTest" time="0.001"/>
  <testcase name="TestPlainQuickSort" classname="CS648A.assignment1.AppTest" time="0"/>
  <testcase name="TestPlainQuickSort" classname="CS648A.assignment1.AppTest" time="0.001"/>
  <testcase name="TestPlainQuickSort" classname="CS648A.assignment1.AppTest" time="0"/>
  <testcase name="TestPlainQuickSort" classname="CS648A.assignment1.AppTest" time="0.001"/>
  <testcase name="TestPlainQuickSort" classname="CS648A.assignment1.AppTest" time="0"/>
  <testcase name="TestPlainQuickSort" classname="CS648A.assignment1.AppTest" time="0.001"/>
  <testcase name="TestPlainQuickSort" classname="CS648A.assignment1.AppTest" time="0"/>
  <testcase name="TestPlainQuickSort" classname="CS648A.assignment1.AppTest" time="0.001"/>
  <testcase name="TestPlainQuickSort" classname="CS648A.assignment1.AppTest" time="0"/>
  <testcase name="TestPlainQuickSort" classname="CS648A.assignment1.AppTest" time="0"/>
  <testcase name="TestPlainQuickSort" classname="CS648A.assignment1.AppTest" time="0"/>
  <testcase name="TestPlainQuickSort" classname="CS648A.assignment1.AppTest" time="0"/>
  <testcase name="TestPlainQuickSort" classname="CS648A.assignment1.AppTest" time="0"/>
  <testcase name="TestPlainQuickSort" classname="CS648A.assignment1.AppTest" time="0"/>
  <testcase name="TestPlainQuickSort" classname="CS648A.assignment1.AppTest" time="0"/>
  <testcase name="TestPlainQuickSort" classname="CS648A.assignment1.AppTest" time="0"/>
  <testcase name="TestPlainQuickSort" classname="CS648A.assignment1.AppTest" time="0"/>
  <testcase name="TestPlainQuickSort" classname="CS648A.assignment1.AppTest" time="0.001"/>
  <testcase name="TestPlainQuickSort" classname="CS648A.assignment1.AppTest" time="0"/>
  <testcase name="TestPlainQuickSort" classname="CS648A.assignment1.AppTest" time="0"/>
  <testcase name="TestPlainQuickSort" classname="CS648A.assignment1.AppTest" time="0"/>
  <testcase name="TestPlainQuickSort" classname="CS648A.assignment1.AppTest" time="0.001"/>
  <testcase name="TestPlainQuickSort" classname="CS648A.assignment1.AppTest" time="0"/>
  <testcase name="TestPlainQuickSort" classname="CS648A.assignment1.AppTest" time="0.001"/>
  <testcase name="TestPlainQuickSort" classname="CS648A.assignment1.AppTest" time="0"/>
  <testcase name="TestPlainQuickSort" classname="CS648A.assignment1.AppTest" time="0.001"/>
  <testcase name="TestPlainQuickSort" classname="CS648A.assignment1.AppTest" time="0"/>
  <testcase name="TestPlainQuickSort" classname="CS648A.assignment1.AppTest" time="0.001"/>
  <testcase name="TestPlainQuickSort" classname="CS648A.assignment1.AppTest" time="0"/>
  <testcase name="TestPlainQuickSort" classname="CS648A.assignment1.AppTest" time="0"/>
  <testcase name="TestPlainQuickSort" classname="CS648A.assignment1.AppTest" time="0"/>
  <testcase name="TestPlainQuickSort" classname="CS648A.assignment1.AppTest" time="0"/>
  <testcase name="TestPlainQuickSort" classname="CS648A.assignment1.AppTest" time="0"/>
  <testcase name="TestPlainQuickSort" classname="CS648A.assignment1.AppTest" time="0"/>
  <testcase name="TestPlainQuickSort" classname="CS648A.assignment1.AppTest" time="0"/>
  <testcase name="TestPlainQuickSort" classname="CS648A.assignment1.AppTest" time="0.001"/>
  <testcase name="TestPlainQuickSort" classname="CS648A.assignment1.AppTest" time="0"/>
  <testcase name="TestPlainQuickSort" classname="CS648A.assignment1.AppTest" time="0"/>
  <testcase name="TestPlainQuickSort" classname="CS648A.assignment1.AppTest" time="0"/>
  <testcase name="TestPlainQuickSort" classname="CS648A.assignment1.AppTest" time="0"/>
  <testcase name="TestPlainQuickSort" classname="CS648A.assignment1.AppTest" time="0"/>
  <testcase name="TestPlainQuickSort" classname="CS648A.assignment1.AppTest" time="0"/>
  <testcase name="TestPlainQuickSort" classname="CS648A.assignment1.AppTest" time="0"/>
  <testcase name="TestPlainQuickSort" classname="CS648A.assignment1.AppTest" time="0"/>
  <testcase name="TestPlainQuickSort" classname="CS648A.assignment1.AppTest" time="0.001"/>
  <testcase name="TestPlainQuickSort" classname="CS648A.assignment1.AppTest" time="0"/>
  <testcase name="TestPlainQuickSort" classname="CS648A.assignment1.AppTest" time="0"/>
  <testcase name="TestPlainQuickSort" classname="CS648A.assignment1.AppTest" time="0"/>
  <testcase name="TestPlainQuickSort" classname="CS648A.assignment1.AppTest" time="0"/>
  <testcase name="TestPlainQuickSort" classname="CS648A.assignment1.AppTest" time="0"/>
  <testcase name="TestPlainQuickSort" classname="CS648A.assignment1.AppTest" time="0"/>
  <testcase name="TestPlainQuickSort" classname="CS648A.assignment1.AppTest" time="0.001"/>
  <testcase name="TestPlainQuickSort" classname="CS648A.assignment1.AppTest" time="0"/>
  <testcase name="TestPlainQuickSort" classname="CS648A.assignment1.AppTest" time="0"/>
  <testcase name="TestPlainQuickSort" classname="CS648A.assignment1.AppTest" time="0"/>
  <testcase name="TestPlainQuickSort" classname="CS648A.assignment1.AppTest" time="0"/>
  <testcase name="TestPlainQuickSort" classname="CS648A.assignment1.AppTest" time="0"/>
  <testcase name="TestPlainQuickSort" classname="CS648A.assignment1.AppTest" time="0"/>
  <testcase name="TestPlainQuickSort" classname="CS648A.assignment1.AppTest" time="0.001"/>
  <testcase name="TestPlainQuickSort" classname="CS648A.assignment1.AppTest" time="0"/>
  <testcase name="TestPlainQuickSort" classname="CS648A.assignment1.AppTest" time="0"/>
  <testcase name="TestPlainQuickSort" classname="CS648A.assignment1.AppTest" time="0"/>
  <testcase name="TestPlainQuickSort" classname="CS648A.assignment1.AppTest" time="0"/>
  <testcase name="TestPlainQuickSort" classname="CS648A.assignment1.AppTest" time="0"/>
  <testcase name="TestPlainQuickSort" classname="CS648A.assignment1.AppTest" time="0"/>
  <testcase name="TestPlainQuickSort" classname="CS648A.assignment1.AppTest" time="0"/>
  <testcase name="TestPlainQuickSort" classname="CS648A.assignment1.AppTest" time="0.001"/>
  <testcase name="TestPlainQuickSort" classname="CS648A.assignment1.AppTest" time="0"/>
  <testcase name="TestPlainQuickSort" classname="CS648A.assignment1.AppTest" time="0.001"/>
  <testcase name="TestPlainQuickSort" classname="CS648A.assignment1.AppTest" time="0"/>
  <testcase name="TestPlainQuickSort" classname="CS648A.assignment1.AppTest" time="0"/>
  <testcase name="TestPlainQuickSort" classname="CS648A.assignment1.AppTest" time="0"/>
</testsuite>